# JRE version: OpenJDK Runtime Environment Temurin-17.0.5+8 (17.0.5+8) (build 17.0.5+8)
# Java VM: OpenJDK 64-Bit Server VM Temurin-17.0.5+8 (17.0.5+8, mixed mode, tiered, compressed oops, compressed class ptrs, parallel gc, windows-amd64)
GC Precious Log:
 CPUs: 8 total, 8 available
 Memory: 8084M
 Large Page Support: Disabled
 NUMA Support: Disabled
 Compressed Oops: Enabled (32-bit)
 Alignments: Space 512K, Generation 512K, Heap 2M
 Heap Min Capacity: 100M
 Heap Initial Capacity: 100M
 Heap Max Capacity: 1G
 Pre-touch: Disabled
 Parallel Workers: 8
Heap:
 PSYoungGen      total 11264K, used 2306K [0x00000000eab00000, 0x00000000eba00000, 0x0000000100000000)
  eden space 10752K, 19% used [0x00000000eab00000,0x00000000ead009e0,0x00000000eb580000)
  from space 512K, 50% used [0x00000000eb900000,0x00000000eb940000,0x00000000eb980000)
  to   space 512K, 0% used [0x00000000eb980000,0x00000000eb980000,0x00000000eba00000)
 ParOldGen       total 68608K, used 48356K [0x00000000c0000000, 0x00000000c4300000, 0x00000000eab00000)
  object space 68608K, 70% used [0x00000000c0000000,0x00000000c2f390e0,0x00000000c4300000)
 Metaspace       used 61113K, committed 62080K, reserved 1105920K
  class space    used 7000K, committed 7424K, reserved 1048576K
GC Heap History (20 events):
Event: 84.530 GC heap before
{Heap before GC invocations=83 (full 2):
 PSYoungGen      total 11264K, used 10868K [0x00000000eab00000, 0x00000000eba80000, 0x0000000100000000)
  eden space 10752K, 99% used [0x00000000eab00000,0x00000000eb57d348,0x00000000eb580000)
  from space 512K, 25% used [0x00000000eba00000,0x00000000eba20000,0x00000000eba80000)
  to   space 512K, 0% used [0x00000000eb980000,0x00000000eb980000,0x00000000eba00000)
 ParOldGen       total 68608K, used 49159K [0x00000000c0000000, 0x00000000c4300000, 0x00000000eab00000)
  object space 68608K, 71% used [0x00000000c0000000,0x00000000c3001fb0,0x00000000c4300000)
 Metaspace       used 57520K, committed 58496K, reserved 1105920K
  class space    used 6671K, committed 7104K, reserved 1048576K
}
Event: 84.533 GC heap after
{Heap after GC invocations=83 (full 2):
 PSYoungGen      total 11264K, used 384K [0x00000000eab00000, 0x00000000eba80000, 0x0000000100000000)
  eden space 10752K, 0% used [0x00000000eab00000,0x00000000eab00000,0x00000000eb580000)
  from space 512K, 75% used [0x00000000eb980000,0x00000000eb9e0000,0x00000000eba00000)
  to   space 512K, 0% used [0x00000000eba00000,0x00000000eba00000,0x00000000eba80000)
 ParOldGen       total 68608K, used 49167K [0x00000000c0000000, 0x00000000c4300000, 0x00000000eab00000)
  object space 68608K, 71% used [0x00000000c0000000,0x00000000c3003fb0,0x00000000c4300000)
 Metaspace       used 57520K, committed 58496K, reserved 1105920K
  class space    used 6671K, committed 7104K, reserved 1048576K
}
Event: 87.643 GC heap before
{Heap before GC invocations=84 (full 2):
 PSYoungGen      total 11264K, used 11136K [0x00000000eab00000, 0x00000000eba80000, 0x0000000100000000)
  eden space 10752K, 100% used [0x00000000eab00000,0x00000000eb580000,0x00000000eb580000)
  from space 512K, 75% used [0x00000000eb980000,0x00000000eb9e0000,0x00000000eba00000)
  to   space 512K, 0% used [0x00000000eba00000,0x00000000eba00000,0x00000000eba80000)
 ParOldGen       total 68608K, used 49167K [0x00000000c0000000, 0x00000000c4300000, 0x00000000eab00000)
  object space 68608K, 71% used [0x00000000c0000000,0x00000000c3003fb0,0x00000000c4300000)
 Metaspace       used 57575K, committed 58496K, reserved 1105920K
  class space    used 6673K, committed 7104K, reserved 1048576K
}
Event: 87.643 GC heap after
{Heap after GC invocations=84 (full 2):
 PSYoungGen      total 11264K, used 224K [0x00000000eab00000, 0x00000000eba80000, 0x0000000100000000)
  eden space 10752K, 0% used [0x00000000eab00000,0x00000000eab00000,0x00000000eb580000)
  from space 512K, 43% used [0x00000000eba00000,0x00000000eba38000,0x00000000eba80000)
  to   space 512K, 0% used [0x00000000eb980000,0x00000000eb980000,0x00000000eba00000)
 ParOldGen       total 68608K, used 49470K [0x00000000c0000000, 0x00000000c4300000, 0x00000000eab00000)
  object space 68608K, 72% used [0x00000000c0000000,0x00000000c304fb08,0x00000000c4300000)
 Metaspace       used 57575K, committed 58496K, reserved 1105920K
  class space    used 6673K, committed 7104K, reserved 1048576K
}
Event: 87.750 GC heap before
{Heap before GC invocations=85 (full 2):
 PSYoungGen      total 11264K, used 10976K [0x00000000eab00000, 0x00000000eba80000, 0x0000000100000000)
  eden space 10752K, 100% used [0x00000000eab00000,0x00000000eb580000,0x00000000eb580000)
  from space 512K, 43% used [0x00000000eba00000,0x00000000eba38000,0x00000000eba80000)
  to   space 512K, 0% used [0x00000000eb980000,0x00000000eb980000,0x00000000eba00000)
 ParOldGen       total 68608K, used 49470K [0x00000000c0000000, 0x00000000c4300000, 0x00000000eab00000)
  object space 68608K, 72% used [0x00000000c0000000,0x00000000c304fb08,0x00000000c4300000)
 Metaspace       used 57928K, committed 58944K, reserved 1105920K
  class space    used 6707K, committed 7168K, reserved 1048576K
}
Event: 87.752 GC heap after
{Heap after GC invocations=85 (full 2):
 PSYoungGen      total 11264K, used 480K [0x00000000eab00000, 0x00000000eba80000, 0x0000000100000000)
  eden space 10752K, 0% used [0x00000000eab00000,0x00000000eab00000,0x00000000eb580000)
  from space 512K, 93% used [0x00000000eb980000,0x00000000eb9f8000,0x00000000eba00000)
  to   space 512K, 0% used [0x00000000eba00000,0x00000000eba00000,0x00000000eba80000)
 ParOldGen       total 68608K, used 49518K [0x00000000c0000000, 0x00000000c4300000, 0x00000000eab00000)
  object space 68608K, 72% used [0x00000000c0000000,0x00000000c305bb08,0x00000000c4300000)
 Metaspace       used 57928K, committed 58944K, reserved 1105920K
  class space    used 6707K, committed 7168K, reserved 1048576K
}
Event: 87.846 GC heap before
{Heap before GC invocations=86 (full 2):
 PSYoungGen      total 11264K, used 11232K [0x00000000eab00000, 0x00000000eba80000, 0x0000000100000000)
  eden space 10752K, 100% used [0x00000000eab00000,0x00000000eb580000,0x00000000eb580000)
  from space 512K, 93% used [0x00000000eb980000,0x00000000eb9f8000,0x00000000eba00000)
  to   space 512K, 0% used [0x00000000eba00000,0x00000000eba00000,0x00000000eba80000)
 ParOldGen       total 68608K, used 49518K [0x00000000c0000000, 0x00000000c4300000, 0x00000000eab00000)
  object space 68608K, 72% used [0x00000000c0000000,0x00000000c305bb08,0x00000000c4300000)
 Metaspace       used 58161K, committed 59136K, reserved 1105920K
  class space    used 6725K, committed 7168K, reserved 1048576K
}
Event: 87.847 GC heap after
{Heap after GC invocations=86 (full 2):
 PSYoungGen      total 11264K, used 509K [0x00000000eab00000, 0x00000000eba80000, 0x0000000100000000)
  eden space 10752K, 0% used [0x00000000eab00000,0x00000000eab00000,0x00000000eb580000)
  from space 512K, 99% used [0x00000000eba00000,0x00000000eba7f620,0x00000000eba80000)
  to   space 1024K, 0% used [0x00000000eb880000,0x00000000eb880000,0x00000000eb980000)
 ParOldGen       total 68608K, used 49919K [0x00000000c0000000, 0x00000000c4300000, 0x00000000eab00000)
  object space 68608K, 72% used [0x00000000c0000000,0x00000000c30bff88,0x00000000c4300000)
 Metaspace       used 58161K, committed 59136K, reserved 1105920K
  class space    used 6725K, committed 7168K, reserved 1048576K
}
Event: 87.909 GC heap before
{Heap before GC invocations=87 (full 2):
 PSYoungGen      total 11264K, used 5312K [0x00000000eab00000, 0x00000000eba80000, 0x0000000100000000)
  eden space 10752K, 44% used [0x00000000eab00000,0x00000000eafb0a60,0x00000000eb580000)
  from space 512K, 99% used [0x00000000eba00000,0x00000000eba7f620,0x00000000eba80000)
  to   space 1024K, 0% used [0x00000000eb880000,0x00000000eb880000,0x00000000eb980000)
 ParOldGen       total 68608K, used 49919K [0x00000000c0000000, 0x00000000c4300000, 0x00000000eab00000)
  object space 68608K, 72% used [0x00000000c0000000,0x00000000c30bff88,0x00000000c4300000)
 Metaspace       used 58847K, committed 59776K, reserved 1105920K
  class space    used 6768K, committed 7168K, reserved 1048576K
}
Event: 87.910 GC heap after
{Heap after GC invocations=87 (full 2):
 PSYoungGen      total 11776K, used 192K [0x00000000eab00000, 0x00000000eba80000, 0x0000000100000000)
  eden space 10752K, 0% used [0x00000000eab00000,0x00000000eab00000,0x00000000eb580000)
  from space 1024K, 18% used [0x00000000eb880000,0x00000000eb8b0000,0x00000000eb980000)
  to   space 512K, 0% used [0x00000000eba00000,0x00000000eba00000,0x00000000eba80000)
 ParOldGen       total 68608K, used 50291K [0x00000000c0000000, 0x00000000c4300000, 0x00000000eab00000)
  object space 68608K, 73% used [0x00000000c0000000,0x00000000c311cc58,0x00000000c4300000)
 Metaspace       used 58847K, committed 59776K, reserved 1105920K
  class space    used 6768K, committed 7168K, reserved 1048576K
}
Event: 87.910 GC heap before
{Heap before GC invocations=88 (full 3):
 PSYoungGen      total 11776K, used 192K [0x00000000eab00000, 0x00000000eba80000, 0x0000000100000000)
  eden space 10752K, 0% used [0x00000000eab00000,0x00000000eab00000,0x00000000eb580000)
  from space 1024K, 18% used [0x00000000eb880000,0x00000000eb8b0000,0x00000000eb980000)
  to   space 512K, 0% used [0x00000000eba00000,0x00000000eba00000,0x00000000eba80000)
 ParOldGen       total 68608K, used 50291K [0x00000000c0000000, 0x00000000c4300000, 0x00000000eab00000)
  object space 68608K, 73% used [0x00000000c0000000,0x00000000c311cc58,0x00000000c4300000)
 Metaspace       used 58847K, committed 59776K, reserved 1105920K
  class space    used 6768K, committed 7168K, reserved 1048576K
}
Event: 87.974 GC heap after
{Heap after GC invocations=88 (full 3):
 PSYoungGen      total 11776K, used 0K [0x00000000eab00000, 0x00000000eba80000, 0x0000000100000000)
  eden space 10752K, 0% used [0x00000000eab00000,0x00000000eab00000,0x00000000eb580000)
  from space 1024K, 0% used [0x00000000eb880000,0x00000000eb880000,0x00000000eb980000)
  to   space 512K, 0% used [0x00000000eba00000,0x00000000eba00000,0x00000000eba80000)
 ParOldGen       total 68608K, used 47390K [0x00000000c0000000, 0x00000000c4300000, 0x00000000eab00000)
  object space 68608K, 69% used [0x00000000c0000000,0x00000000c2e47bc0,0x00000000c4300000)
 Metaspace       used 58847K, committed 59776K, reserved 1105920K
  class space    used 6768K, committed 7168K, reserved 1048576K
}
Event: 88.363 GC heap before
{Heap before GC invocations=89 (full 3):
 PSYoungGen      total 11776K, used 10752K [0x00000000eab00000, 0x00000000eba80000, 0x0000000100000000)
  eden space 10752K, 100% used [0x00000000eab00000,0x00000000eb580000,0x00000000eb580000)
  from space 1024K, 0% used [0x00000000eb880000,0x00000000eb880000,0x00000000eb980000)
  to   space 512K, 0% used [0x00000000eba00000,0x00000000eba00000,0x00000000eba80000)
 ParOldGen       total 68608K, used 47390K [0x00000000c0000000, 0x00000000c4300000, 0x00000000eab00000)
  object space 68608K, 69% used [0x00000000c0000000,0x00000000c2e47bc0,0x00000000c4300000)
 Metaspace       used 59935K, committed 60992K, reserved 1105920K
  class space    used 6898K, committed 7360K, reserved 1048576K
}
Event: 88.365 GC heap after
{Heap after GC invocations=89 (full 3):
 PSYoungGen      total 11264K, used 502K [0x00000000eab00000, 0x00000000eba80000, 0x0000000100000000)
  eden space 10752K, 0% used [0x00000000eab00000,0x00000000eab00000,0x00000000eb580000)
  from space 512K, 98% used [0x00000000eba00000,0x00000000eba7da20,0x00000000eba80000)
  to   space 1024K, 0% used [0x00000000eb880000,0x00000000eb880000,0x00000000eb980000)
 ParOldGen       total 68608K, used 47414K [0x00000000c0000000, 0x00000000c4300000, 0x00000000eab00000)
  object space 68608K, 69% used [0x00000000c0000000,0x00000000c2e4dbc0,0x00000000c4300000)
 Metaspace       used 59935K, committed 60992K, reserved 1105920K
  class space    used 6898K, committed 7360K, reserved 1048576K
}
Event: 88.653 GC heap before
{Heap before GC invocations=90 (full 3):
 PSYoungGen      total 11264K, used 11254K [0x00000000eab00000, 0x00000000eba80000, 0x0000000100000000)
  eden space 10752K, 100% used [0x00000000eab00000,0x00000000eb580000,0x00000000eb580000)
  from space 512K, 98% used [0x00000000eba00000,0x00000000eba7da20,0x00000000eba80000)
  to   space 1024K, 0% used [0x00000000eb880000,0x00000000eb880000,0x00000000eb980000)
 ParOldGen       total 68608K, used 47414K [0x00000000c0000000, 0x00000000c4300000, 0x00000000eab00000)
  object space 68608K, 69% used [0x00000000c0000000,0x00000000c2e4dbc0,0x00000000c4300000)
 Metaspace       used 60799K, committed 61760K, reserved 1105920K
  class space    used 6987K, committed 7424K, reserved 1048576K
}
Event: 88.654 GC heap after
{Heap after GC invocations=90 (full 3):
 PSYoungGen      total 11776K, used 535K [0x00000000eab00000, 0x00000000eba80000, 0x0000000100000000)
  eden space 10752K, 0% used [0x00000000eab00000,0x00000000eab00000,0x00000000eb580000)
  from space 1024K, 52% used [0x00000000eb880000,0x00000000eb905f50,0x00000000eb980000)
  to   space 1024K, 0% used [0x00000000eb980000,0x00000000eb980000,0x00000000eba80000)
 ParOldGen       total 68608K, used 47860K [0x00000000c0000000, 0x00000000c4300000, 0x00000000eab00000)
  object space 68608K, 69% used [0x00000000c0000000,0x00000000c2ebd3e8,0x00000000c4300000)
 Metaspace       used 60799K, committed 61760K, reserved 1105920K
  class space    used 6987K, committed 7424K, reserved 1048576K
}
Event: 88.814 GC heap before
{Heap before GC invocations=91 (full 3):
 PSYoungGen      total 11776K, used 11287K [0x00000000eab00000, 0x00000000eba80000, 0x0000000100000000)
  eden space 10752K, 100% used [0x00000000eab00000,0x00000000eb580000,0x00000000eb580000)
  from space 1024K, 52% used [0x00000000eb880000,0x00000000eb905f50,0x00000000eb980000)
  to   space 1024K, 0% used [0x00000000eb980000,0x00000000eb980000,0x00000000eba80000)
 ParOldGen       total 68608K, used 47860K [0x00000000c0000000, 0x00000000c4300000, 0x00000000eab00000)
  object space 68608K, 69% used [0x00000000c0000000,0x00000000c2ebd3e8,0x00000000c4300000)
 Metaspace       used 60981K, committed 61952K, reserved 1105920K
  class space    used 6998K, committed 7424K, reserved 1048576K
}
Event: 88.815 GC heap after
{Heap after GC invocations=91 (full 3):
 PSYoungGen      total 11264K, used 320K [0x00000000eab00000, 0x00000000eba00000, 0x0000000100000000)
  eden space 10752K, 0% used [0x00000000eab00000,0x00000000eab00000,0x00000000eb580000)
  from space 512K, 62% used [0x00000000eb980000,0x00000000eb9d0000,0x00000000eba00000)
  to   space 512K, 0% used [0x00000000eb900000,0x00000000eb900000,0x00000000eb980000)
 ParOldGen       total 68608K, used 48292K [0x00000000c0000000, 0x00000000c4300000, 0x00000000eab00000)
  object space 68608K, 70% used [0x00000000c0000000,0x00000000c2f290e0,0x00000000c4300000)
 Metaspace       used 60981K, committed 61952K, reserved 1105920K
  class space    used 6998K, committed 7424K, reserved 1048576K
}
Event: 88.929 GC heap before
{Heap before GC invocations=92 (full 3):
 PSYoungGen      total 11264K, used 11072K [0x00000000eab00000, 0x00000000eba00000, 0x0000000100000000)
  eden space 10752K, 100% used [0x00000000eab00000,0x00000000eb580000,0x00000000eb580000)
  from space 512K, 62% used [0x00000000eb980000,0x00000000eb9d0000,0x00000000eba00000)
  to   space 512K, 0% used [0x00000000eb900000,0x00000000eb900000,0x00000000eb980000)
 ParOldGen       total 68608K, used 48292K [0x00000000c0000000, 0x00000000c4300000, 0x00000000eab00000)
  object space 68608K, 70% used [0x00000000c0000000,0x00000000c2f290e0,0x00000000c4300000)
 Metaspace       used 61082K, committed 62080K, reserved 1105920K
  class space    used 7000K, committed 7424K, reserved 1048576K
}
Event: 88.929 GC heap after
{Heap after GC invocations=92 (full 3):
 PSYoungGen      total 11264K, used 256K [0x00000000eab00000, 0x00000000eba00000, 0x0000000100000000)
  eden space 10752K, 0% used [0x00000000eab00000,0x00000000eab00000,0x00000000eb580000)
  from space 512K, 50% used [0x00000000eb900000,0x00000000eb940000,0x00000000eb980000)
  to   space 512K, 0% used [0x00000000eb980000,0x00000000eb980000,0x00000000eba00000)
 ParOldGen       total 68608K, used 48356K [0x00000000c0000000, 0x00000000c4300000, 0x00000000eab00000)
  object space 68608K, 70% used [0x00000000c0000000,0x00000000c2f390e0,0x00000000c4300000)
 Metaspace       used 61082K, committed 62080K, reserved 1105920K
  class space    used 7000K, committed 7424K, reserved 1048576K
}

