# JRE version: OpenJDK Runtime Environment Temurin-17.0.7+7 (17.0.7+7) (build 17.0.7+7)
# Java VM: OpenJDK 64-Bit Server VM Temurin-17.0.7+7 (17.0.7+7, mixed mode, tiered, compressed oops, compressed class ptrs, parallel gc, windows-amd64)
GC Precious Log:
 CPUs: 8 total, 8 available
 Memory: 16276M
 Large Page Support: Disabled
 NUMA Support: Disabled
 Compressed Oops: Enabled (32-bit)
 Alignments: Space 512K, Generation 512K, Heap 2M
 Heap Min Capacity: 100M
 Heap Initial Capacity: 100M
 Heap Max Capacity: 1G
 Pre-touch: Disabled
 Parallel Workers: 8
Heap:
 PSYoungGen      total 38912K, used 25868K [0x00000000eab00000, 0x00000000ef480000, 0x0000000100000000)
  eden space 38400K, 66% used [0x00000000eab00000,0x00000000ec3c9368,0x00000000ed080000)
  from space 512K, 95% used [0x00000000ede00000,0x00000000ede79dc0,0x00000000ede80000)
  to   space 13824K, 0% used [0x00000000ed080000,0x00000000ed080000,0x00000000ede00000)
 ParOldGen       total 55296K, used 43452K [0x00000000c0000000, 0x00000000c3600000, 0x00000000eab00000)
  object space 55296K, 78% used [0x00000000c0000000,0x00000000c2a6f2f0,0x00000000c3600000)
 Metaspace       used 24863K, committed 25280K, reserved 1114112K
  class space    used 2437K, committed 2624K, reserved 1048576K
GC Heap History (20 events):
Event: 2.749 GC heap before
{Heap before GC invocations=21 (full 1):
 PSYoungGen      total 37376K, used 0K [0x00000000eab00000, 0x00000000ede80000, 0x0000000100000000)
  eden space 36864K, 0% used [0x00000000eab00000,0x00000000eab00000,0x00000000ecf00000)
  from space 512K, 0% used [0x00000000ede00000,0x00000000ede00000,0x00000000ede80000)
  to   space 512K, 0% used [0x00000000edd80000,0x00000000edd80000,0x00000000ede00000)
 ParOldGen       total 68608K, used 62552K [0x00000000c0000000, 0x00000000c4300000, 0x00000000eab00000)
  object space 68608K, 91% used [0x00000000c0000000,0x00000000c3d160c8,0x00000000c4300000)
 Metaspace       used 20308K, committed 20736K, reserved 1114112K
  class space    used 2062K, committed 2240K, reserved 1048576K
}
Event: 2.767 GC heap after
{Heap after GC invocations=21 (full 1):
 PSYoungGen      total 36352K, used 0K [0x00000000eab00000, 0x00000000ede80000, 0x0000000100000000)
  eden space 35840K, 0% used [0x00000000eab00000,0x00000000eab00000,0x00000000ece00000)
  from space 512K, 0% used [0x00000000edd80000,0x00000000edd80000,0x00000000ede00000)
  to   space 512K, 0% used [0x00000000ede00000,0x00000000ede00000,0x00000000ede80000)
 ParOldGen       total 44544K, used 12881K [0x00000000c0000000, 0x00000000c2b80000, 0x00000000eab00000)
  object space 44544K, 28% used [0x00000000c0000000,0x00000000c0c94560,0x00000000c2b80000)
 Metaspace       used 20295K, committed 20736K, reserved 1114112K
  class space    used 2058K, committed 2240K, reserved 1048576K
}
Event: 2.777 GC heap before
{Heap before GC invocations=22 (full 1):
 PSYoungGen      total 36352K, used 32731K [0x00000000eab00000, 0x00000000ede80000, 0x0000000100000000)
  eden space 35840K, 91% used [0x00000000eab00000,0x00000000ecaf6e08,0x00000000ece00000)
  from space 512K, 0% used [0x00000000edd80000,0x00000000edd80000,0x00000000ede00000)
  to   space 512K, 0% used [0x00000000ede00000,0x00000000ede00000,0x00000000ede80000)
 ParOldGen       total 44544K, used 12881K [0x00000000c0000000, 0x00000000c2b80000, 0x00000000eab00000)
  object space 44544K, 28% used [0x00000000c0000000,0x00000000c0c94560,0x00000000c2b80000)
 Metaspace       used 20295K, committed 20736K, reserved 1114112K
  class space    used 2058K, committed 2240K, reserved 1048576K
}
Event: 2.779 GC heap after
{Heap after GC invocations=22 (full 1):
 PSYoungGen      total 35328K, used 32K [0x00000000eab00000, 0x00000000ede80000, 0x0000000100000000)
  eden space 34816K, 0% used [0x00000000eab00000,0x00000000eab00000,0x00000000ecd00000)
  from space 512K, 6% used [0x00000000ede00000,0x00000000ede08000,0x00000000ede80000)
  to   space 512K, 0% used [0x00000000edd80000,0x00000000edd80000,0x00000000ede00000)
 ParOldGen       total 44544K, used 19345K [0x00000000c0000000, 0x00000000c2b80000, 0x00000000eab00000)
  object space 44544K, 43% used [0x00000000c0000000,0x00000000c12e4540,0x00000000c2b80000)
 Metaspace       used 20295K, committed 20736K, reserved 1114112K
  class space    used 2058K, committed 2240K, reserved 1048576K
}
Event: 2.787 GC heap before
{Heap before GC invocations=23 (full 1):
 PSYoungGen      total 35328K, used 33447K [0x00000000eab00000, 0x00000000ede80000, 0x0000000100000000)
  eden space 34816K, 95% used [0x00000000eab00000,0x00000000ecba1ea0,0x00000000ecd00000)
  from space 512K, 6% used [0x00000000ede00000,0x00000000ede08000,0x00000000ede80000)
  to   space 512K, 0% used [0x00000000edd80000,0x00000000edd80000,0x00000000ede00000)
 ParOldGen       total 44544K, used 19345K [0x00000000c0000000, 0x00000000c2b80000, 0x00000000eab00000)
  object space 44544K, 43% used [0x00000000c0000000,0x00000000c12e4540,0x00000000c2b80000)
 Metaspace       used 20295K, committed 20736K, reserved 1114112K
  class space    used 2058K, committed 2240K, reserved 1048576K
}
Event: 2.789 GC heap after
{Heap after GC invocations=23 (full 1):
 PSYoungGen      total 34816K, used 0K [0x00000000eab00000, 0x00000000ede80000, 0x0000000100000000)
  eden space 34304K, 0% used [0x00000000eab00000,0x00000000eab00000,0x00000000ecc80000)
  from space 512K, 0% used [0x00000000edd80000,0x00000000edd80000,0x00000000ede00000)
  to   space 512K, 0% used [0x00000000ede00000,0x00000000ede00000,0x00000000ede80000)
 ParOldGen       total 44544K, used 25977K [0x00000000c0000000, 0x00000000c2b80000, 0x00000000eab00000)
  object space 44544K, 58% used [0x00000000c0000000,0x00000000c195e520,0x00000000c2b80000)
 Metaspace       used 20295K, committed 20736K, reserved 1114112K
  class space    used 2058K, committed 2240K, reserved 1048576K
}
Event: 2.802 GC heap before
{Heap before GC invocations=24 (full 1):
 PSYoungGen      total 34816K, used 34214K [0x00000000eab00000, 0x00000000ede80000, 0x0000000100000000)
  eden space 34304K, 99% used [0x00000000eab00000,0x00000000ecc69ac8,0x00000000ecc80000)
  from space 512K, 0% used [0x00000000edd80000,0x00000000edd80000,0x00000000ede00000)
  to   space 512K, 0% used [0x00000000ede00000,0x00000000ede00000,0x00000000ede80000)
 ParOldGen       total 44544K, used 25977K [0x00000000c0000000, 0x00000000c2b80000, 0x00000000eab00000)
  object space 44544K, 58% used [0x00000000c0000000,0x00000000c195e520,0x00000000c2b80000)
 Metaspace       used 20295K, committed 20736K, reserved 1114112K
  class space    used 2058K, committed 2240K, reserved 1048576K
}
Event: 2.804 GC heap after
{Heap after GC invocations=24 (full 1):
 PSYoungGen      total 34304K, used 0K [0x00000000eab00000, 0x00000000ede80000, 0x0000000100000000)
  eden space 33792K, 0% used [0x00000000eab00000,0x00000000eab00000,0x00000000ecc00000)
  from space 512K, 0% used [0x00000000ede00000,0x00000000ede00000,0x00000000ede80000)
  to   space 512K, 0% used [0x00000000edd80000,0x00000000edd80000,0x00000000ede00000)
 ParOldGen       total 44544K, used 32761K [0x00000000c0000000, 0x00000000c2b80000, 0x00000000eab00000)
  object space 44544K, 73% used [0x00000000c0000000,0x00000000c1ffe500,0x00000000c2b80000)
 Metaspace       used 20295K, committed 20736K, reserved 1114112K
  class space    used 2058K, committed 2240K, reserved 1048576K
}
Event: 2.814 GC heap before
{Heap before GC invocations=25 (full 1):
 PSYoungGen      total 34304K, used 31538K [0x00000000eab00000, 0x00000000ede80000, 0x0000000100000000)
  eden space 33792K, 93% used [0x00000000eab00000,0x00000000ec9cca48,0x00000000ecc00000)
  from space 512K, 0% used [0x00000000ede00000,0x00000000ede00000,0x00000000ede80000)
  to   space 512K, 0% used [0x00000000edd80000,0x00000000edd80000,0x00000000ede00000)
 ParOldGen       total 44544K, used 32761K [0x00000000c0000000, 0x00000000c2b80000, 0x00000000eab00000)
  object space 44544K, 73% used [0x00000000c0000000,0x00000000c1ffe500,0x00000000c2b80000)
 Metaspace       used 20295K, committed 20736K, reserved 1114112K
  class space    used 2058K, committed 2240K, reserved 1048576K
}
Event: 2.815 GC heap after
{Heap after GC invocations=25 (full 1):
 PSYoungGen      total 33792K, used 0K [0x00000000eab00000, 0x00000000ede80000, 0x0000000100000000)
  eden space 33280K, 0% used [0x00000000eab00000,0x00000000eab00000,0x00000000ecb80000)
  from space 512K, 0% used [0x00000000edd80000,0x00000000edd80000,0x00000000ede00000)
  to   space 512K, 0% used [0x00000000ede00000,0x00000000ede00000,0x00000000ede80000)
 ParOldGen       total 44544K, used 39689K [0x00000000c0000000, 0x00000000c2b80000, 0x00000000eab00000)
  object space 44544K, 89% used [0x00000000c0000000,0x00000000c26c24d0,0x00000000c2b80000)
 Metaspace       used 20295K, committed 20736K, reserved 1114112K
  class space    used 2058K, committed 2240K, reserved 1048576K
}
Event: 2.815 GC heap before
{Heap before GC invocations=26 (full 2):
 PSYoungGen      total 33792K, used 0K [0x00000000eab00000, 0x00000000ede80000, 0x0000000100000000)
  eden space 33280K, 0% used [0x00000000eab00000,0x00000000eab00000,0x00000000ecb80000)
  from space 512K, 0% used [0x00000000edd80000,0x00000000edd80000,0x00000000ede00000)
  to   space 512K, 0% used [0x00000000ede00000,0x00000000ede00000,0x00000000ede80000)
 ParOldGen       total 44544K, used 39689K [0x00000000c0000000, 0x00000000c2b80000, 0x00000000eab00000)
  object space 44544K, 89% used [0x00000000c0000000,0x00000000c26c24d0,0x00000000c2b80000)
 Metaspace       used 20295K, committed 20736K, reserved 1114112K
  class space    used 2058K, committed 2240K, reserved 1048576K
}
Event: 2.831 GC heap after
{Heap after GC invocations=26 (full 2):
 PSYoungGen      total 38912K, used 0K [0x00000000eab00000, 0x00000000ede80000, 0x0000000100000000)
  eden space 38400K, 0% used [0x00000000eab00000,0x00000000eab00000,0x00000000ed080000)
  from space 512K, 0% used [0x00000000ede00000,0x00000000ede00000,0x00000000ede80000)
  to   space 512K, 0% used [0x00000000edd80000,0x00000000edd80000,0x00000000ede00000)
 ParOldGen       total 55296K, used 10436K [0x00000000c0000000, 0x00000000c3600000, 0x00000000eab00000)
  object space 55296K, 18% used [0x00000000c0000000,0x00000000c0a31380,0x00000000c3600000)
 Metaspace       used 20295K, committed 20736K, reserved 1114112K
  class space    used 2058K, committed 2240K, reserved 1048576K
}
Event: 2.841 GC heap before
{Heap before GC invocations=27 (full 2):
 PSYoungGen      total 38912K, used 35873K [0x00000000eab00000, 0x00000000ede80000, 0x0000000100000000)
  eden space 38400K, 93% used [0x00000000eab00000,0x00000000ece08638,0x00000000ed080000)
  from space 512K, 0% used [0x00000000ede00000,0x00000000ede00000,0x00000000ede80000)
  to   space 512K, 0% used [0x00000000edd80000,0x00000000edd80000,0x00000000ede00000)
 ParOldGen       total 55296K, used 10436K [0x00000000c0000000, 0x00000000c3600000, 0x00000000eab00000)
  object space 55296K, 18% used [0x00000000c0000000,0x00000000c0a31380,0x00000000c3600000)
 Metaspace       used 20295K, committed 20736K, reserved 1114112K
  class space    used 2058K, committed 2240K, reserved 1048576K
}
Event: 2.842 GC heap after
{Heap after GC invocations=27 (full 2):
 PSYoungGen      total 44544K, used 32K [0x00000000eab00000, 0x00000000ede80000, 0x0000000100000000)
  eden space 44032K, 0% used [0x00000000eab00000,0x00000000eab00000,0x00000000ed600000)
  from space 512K, 6% used [0x00000000edd80000,0x00000000edd88000,0x00000000ede00000)
  to   space 512K, 0% used [0x00000000ede00000,0x00000000ede00000,0x00000000ede80000)
 ParOldGen       total 55296K, used 17524K [0x00000000c0000000, 0x00000000c3600000, 0x00000000eab00000)
  object space 55296K, 31% used [0x00000000c0000000,0x00000000c111d350,0x00000000c3600000)
 Metaspace       used 20295K, committed 20736K, reserved 1114112K
  class space    used 2058K, committed 2240K, reserved 1048576K
}
Event: 2.867 GC heap before
{Heap before GC invocations=28 (full 2):
 PSYoungGen      total 44544K, used 44009K [0x00000000eab00000, 0x00000000ede80000, 0x0000000100000000)
  eden space 44032K, 99% used [0x00000000eab00000,0x00000000ed5f24c0,0x00000000ed600000)
  from space 512K, 6% used [0x00000000edd80000,0x00000000edd88000,0x00000000ede00000)
  to   space 512K, 0% used [0x00000000ede00000,0x00000000ede00000,0x00000000ede80000)
 ParOldGen       total 55296K, used 17524K [0x00000000c0000000, 0x00000000c3600000, 0x00000000eab00000)
  object space 55296K, 31% used [0x00000000c0000000,0x00000000c111d350,0x00000000c3600000)
 Metaspace       used 20295K, committed 20736K, reserved 1114112K
  class space    used 2058K, committed 2240K, reserved 1048576K
}
Event: 2.868 GC heap after
{Heap after GC invocations=28 (full 2):
 PSYoungGen      total 50176K, used 32K [0x00000000eab00000, 0x00000000ede80000, 0x0000000100000000)
  eden space 49664K, 0% used [0x00000000eab00000,0x00000000eab00000,0x00000000edb80000)
  from space 512K, 6% used [0x00000000ede00000,0x00000000ede08000,0x00000000ede80000)
  to   space 512K, 0% used [0x00000000edd80000,0x00000000edd80000,0x00000000ede00000)
 ParOldGen       total 55296K, used 24804K [0x00000000c0000000, 0x00000000c3600000, 0x00000000eab00000)
  object space 55296K, 44% used [0x00000000c0000000,0x00000000c1839320,0x00000000c3600000)
 Metaspace       used 20295K, committed 20736K, reserved 1114112K
  class space    used 2058K, committed 2240K, reserved 1048576K
}
Event: 2.883 GC heap before
{Heap before GC invocations=29 (full 2):
 PSYoungGen      total 50176K, used 49025K [0x00000000eab00000, 0x00000000ede80000, 0x0000000100000000)
  eden space 49664K, 98% used [0x00000000eab00000,0x00000000edad8578,0x00000000edb80000)
  from space 512K, 6% used [0x00000000ede00000,0x00000000ede08000,0x00000000ede80000)
  to   space 512K, 0% used [0x00000000edd80000,0x00000000edd80000,0x00000000ede00000)
 ParOldGen       total 55296K, used 24804K [0x00000000c0000000, 0x00000000c3600000, 0x00000000eab00000)
  object space 55296K, 44% used [0x00000000c0000000,0x00000000c1839320,0x00000000c3600000)
 Metaspace       used 20295K, committed 20736K, reserved 1114112K
  class space    used 2058K, committed 2240K, reserved 1048576K
}
Event: 2.884 GC heap after
{Heap after GC invocations=29 (full 2):
 PSYoungGen      total 49152K, used 32K [0x00000000eab00000, 0x00000000ede80000, 0x0000000100000000)
  eden space 48640K, 0% used [0x00000000eab00000,0x00000000eab00000,0x00000000eda80000)
  from space 512K, 6% used [0x00000000edd80000,0x00000000edd88000,0x00000000ede00000)
  to   space 512K, 0% used [0x00000000ede00000,0x00000000ede00000,0x00000000ede80000)
 ParOldGen       total 55296K, used 32292K [0x00000000c0000000, 0x00000000c3600000, 0x00000000eab00000)
  object space 55296K, 58% used [0x00000000c0000000,0x00000000c1f892f0,0x00000000c3600000)
 Metaspace       used 20295K, committed 20736K, reserved 1114112K
  class space    used 2058K, committed 2240K, reserved 1048576K
}
Event: 3.207 GC heap before
{Heap before GC invocations=30 (full 2):
 PSYoungGen      total 49152K, used 48672K [0x00000000eab00000, 0x00000000ede80000, 0x0000000100000000)
  eden space 48640K, 100% used [0x00000000eab00000,0x00000000eda80000,0x00000000eda80000)
  from space 512K, 6% used [0x00000000edd80000,0x00000000edd88000,0x00000000ede00000)
  to   space 512K, 0% used [0x00000000ede00000,0x00000000ede00000,0x00000000ede80000)
 ParOldGen       total 55296K, used 32292K [0x00000000c0000000, 0x00000000c3600000, 0x00000000eab00000)
  object space 55296K, 58% used [0x00000000c0000000,0x00000000c1f892f0,0x00000000c3600000)
 Metaspace       used 21551K, committed 21952K, reserved 1114112K
  class space    used 2199K, committed 2368K, reserved 1048576K
}
Event: 3.212 GC heap after
{Heap after GC invocations=30 (full 2):
 PSYoungGen      total 38912K, used 487K [0x00000000eab00000, 0x00000000ef480000, 0x0000000100000000)
  eden space 38400K, 0% used [0x00000000eab00000,0x00000000eab00000,0x00000000ed080000)
  from space 512K, 95% used [0x00000000ede00000,0x00000000ede79dc0,0x00000000ede80000)
  to   space 13824K, 0% used [0x00000000ed080000,0x00000000ed080000,0x00000000ede00000)
 ParOldGen       total 55296K, used 43452K [0x00000000c0000000, 0x00000000c3600000, 0x00000000eab00000)
  object space 55296K, 78% used [0x00000000c0000000,0x00000000c2a6f2f0,0x00000000c3600000)
 Metaspace       used 21551K, committed 21952K, reserved 1114112K
  class space    used 2199K, committed 2368K, reserved 1048576K
}

