# JRE version: OpenJDK Runtime Environment Temurin-17.0.7+7 (17.0.7+7) (build 17.0.7+7)
# Java VM: OpenJDK 64-Bit Server VM Temurin-17.0.7+7 (17.0.7+7, mixed mode, tiered, compressed oops, compressed class ptrs, parallel gc, windows-amd64)
GC Precious Log:
 CPUs: 8 total, 8 available
 Memory: 16276M
 Large Page Support: Disabled
 NUMA Support: Disabled
 Compressed Oops: Enabled (32-bit)
 Alignments: Space 512K, Generation 512K, Heap 2M
 Heap Min Capacity: 100M
 Heap Initial Capacity: 100M
 Heap Max Capacity: 1G
 Pre-touch: Disabled
 Parallel Workers: 8
Heap:
 PSYoungGen      total 24576K, used 7552K [0x00000000eab00000, 0x00000000ec780000, 0x0000000100000000)
  eden space 20992K, 35% used [0x00000000eab00000,0x00000000eb2380e8,0x00000000ebf80000)
  from space 3584K, 4% used [0x00000000ec200000,0x00000000ec228000,0x00000000ec580000)
  to   space 1536K, 0% used [0x00000000ec600000,0x00000000ec600000,0x00000000ec780000)
 ParOldGen       total 97280K, used 70875K [0x00000000c0000000, 0x00000000c5f00000, 0x00000000eab00000)
  object space 97280K, 72% used [0x00000000c0000000,0x00000000c4536e38,0x00000000c5f00000)
 Metaspace       used 46615K, committed 47488K, reserved 1114112K
  class space    used 4658K, committed 5056K, reserved 1048576K
GC Heap History (20 events):
Event: 808.677 GC heap before
{Heap before GC invocations=74 (full 2):
 PSYoungGen      total 21504K, used 21488K [0x00000000eab00000, 0x00000000ec280000, 0x0000000100000000)
  eden space 20992K, 100% used [0x00000000eab00000,0x00000000ebf80000,0x00000000ebf80000)
  from space 512K, 96% used [0x00000000ec000000,0x00000000ec07c060,0x00000000ec080000)
  to   space 1536K, 0% used [0x00000000ec100000,0x00000000ec100000,0x00000000ec280000)
 ParOldGen       total 68608K, used 52876K [0x00000000c0000000, 0x00000000c4300000, 0x00000000eab00000)
  object space 68608K, 77% used [0x00000000c0000000,0x00000000c33a30f8,0x00000000c4300000)
 Metaspace       used 40231K, committed 40896K, reserved 1114112K
  class space    used 4083K, committed 4352K, reserved 1048576K
}
Event: 808.678 GC heap after
{Heap after GC invocations=74 (full 2):
 PSYoungGen      total 21504K, used 384K [0x00000000eab00000, 0x00000000ec180000, 0x0000000100000000)
  eden space 20992K, 0% used [0x00000000eab00000,0x00000000eab00000,0x00000000ebf80000)
  from space 512K, 75% used [0x00000000ec100000,0x00000000ec160000,0x00000000ec180000)
  to   space 1024K, 0% used [0x00000000ebf80000,0x00000000ebf80000,0x00000000ec080000)
 ParOldGen       total 68608K, used 53295K [0x00000000c0000000, 0x00000000c4300000, 0x00000000eab00000)
  object space 68608K, 77% used [0x00000000c0000000,0x00000000c340bc40,0x00000000c4300000)
 Metaspace       used 40231K, committed 40896K, reserved 1114112K
  class space    used 4083K, committed 4352K, reserved 1048576K
}
Event: 808.799 GC heap before
{Heap before GC invocations=75 (full 2):
 PSYoungGen      total 21504K, used 21114K [0x00000000eab00000, 0x00000000ec180000, 0x0000000100000000)
  eden space 20992K, 98% used [0x00000000eab00000,0x00000000ebf3ea20,0x00000000ebf80000)
  from space 512K, 75% used [0x00000000ec100000,0x00000000ec160000,0x00000000ec180000)
  to   space 1024K, 0% used [0x00000000ebf80000,0x00000000ebf80000,0x00000000ec080000)
 ParOldGen       total 68608K, used 53295K [0x00000000c0000000, 0x00000000c4300000, 0x00000000eab00000)
  object space 68608K, 77% used [0x00000000c0000000,0x00000000c340bc40,0x00000000c4300000)
 Metaspace       used 40812K, committed 41472K, reserved 1114112K
  class space    used 4129K, committed 4416K, reserved 1048576K
}
Event: 808.808 GC heap after
{Heap after GC invocations=75 (full 2):
 PSYoungGen      total 22016K, used 992K [0x00000000eab00000, 0x00000000ee680000, 0x0000000100000000)
  eden space 20992K, 0% used [0x00000000eab00000,0x00000000eab00000,0x00000000ebf80000)
  from space 1024K, 96% used [0x00000000ebf80000,0x00000000ec078060,0x00000000ec080000)
  to   space 19968K, 0% used [0x00000000ed300000,0x00000000ed300000,0x00000000ee680000)
 ParOldGen       total 69632K, used 69121K [0x00000000c0000000, 0x00000000c4400000, 0x00000000eab00000)
  object space 69632K, 99% used [0x00000000c0000000,0x00000000c4380670,0x00000000c4400000)
 Metaspace       used 40812K, committed 41472K, reserved 1114112K
  class space    used 4129K, committed 4416K, reserved 1048576K
}
Event: 808.808 GC heap before
{Heap before GC invocations=76 (full 3):
 PSYoungGen      total 22016K, used 992K [0x00000000eab00000, 0x00000000ee680000, 0x0000000100000000)
  eden space 20992K, 0% used [0x00000000eab00000,0x00000000eab00000,0x00000000ebf80000)
  from space 1024K, 96% used [0x00000000ebf80000,0x00000000ec078060,0x00000000ec080000)
  to   space 19968K, 0% used [0x00000000ed300000,0x00000000ed300000,0x00000000ee680000)
 ParOldGen       total 69632K, used 69121K [0x00000000c0000000, 0x00000000c4400000, 0x00000000eab00000)
  object space 69632K, 99% used [0x00000000c0000000,0x00000000c4380670,0x00000000c4400000)
 Metaspace       used 40812K, committed 41472K, reserved 1114112K
  class space    used 4129K, committed 4416K, reserved 1048576K
}
Event: 808.891 GC heap after
{Heap after GC invocations=76 (full 3):
 PSYoungGen      total 40960K, used 0K [0x00000000eab00000, 0x00000000ee680000, 0x0000000100000000)
  eden space 20992K, 0% used [0x00000000eab00000,0x00000000eab00000,0x00000000ebf80000)
  from space 19968K, 0% used [0x00000000ed300000,0x00000000ed300000,0x00000000ee680000)
  to   space 19968K, 0% used [0x00000000ebf80000,0x00000000ebf80000,0x00000000ed300000)
 ParOldGen       total 97280K, used 53381K [0x00000000c0000000, 0x00000000c5f00000, 0x00000000eab00000)
  object space 97280K, 54% used [0x00000000c0000000,0x00000000c34215b8,0x00000000c5f00000)
 Metaspace       used 40812K, committed 41472K, reserved 1114112K
  class space    used 4129K, committed 4416K, reserved 1048576K
}
Event: 808.972 GC heap before
{Heap before GC invocations=77 (full 3):
 PSYoungGen      total 40960K, used 20992K [0x00000000eab00000, 0x00000000ee680000, 0x0000000100000000)
  eden space 20992K, 100% used [0x00000000eab00000,0x00000000ebf80000,0x00000000ebf80000)
  from space 19968K, 0% used [0x00000000ed300000,0x00000000ed300000,0x00000000ee680000)
  to   space 19968K, 0% used [0x00000000ebf80000,0x00000000ebf80000,0x00000000ed300000)
 ParOldGen       total 97280K, used 53381K [0x00000000c0000000, 0x00000000c5f00000, 0x00000000eab00000)
  object space 97280K, 54% used [0x00000000c0000000,0x00000000c34215b8,0x00000000c5f00000)
 Metaspace       used 40895K, committed 41536K, reserved 1114112K
  class space    used 4135K, committed 4416K, reserved 1048576K
}
Event: 808.974 GC heap after
{Heap after GC invocations=77 (full 3):
 PSYoungGen      total 22016K, used 704K [0x00000000eab00000, 0x00000000ed380000, 0x0000000100000000)
  eden space 20992K, 0% used [0x00000000eab00000,0x00000000eab00000,0x00000000ebf80000)
  from space 1024K, 68% used [0x00000000ebf80000,0x00000000ec0300b0,0x00000000ec080000)
  to   space 6656K, 0% used [0x00000000ecd00000,0x00000000ecd00000,0x00000000ed380000)
 ParOldGen       total 97280K, used 53389K [0x00000000c0000000, 0x00000000c5f00000, 0x00000000eab00000)
  object space 97280K, 54% used [0x00000000c0000000,0x00000000c34235b8,0x00000000c5f00000)
 Metaspace       used 40895K, committed 41536K, reserved 1114112K
  class space    used 4135K, committed 4416K, reserved 1048576K
}
Event: 809.004 GC heap before
{Heap before GC invocations=78 (full 3):
 PSYoungGen      total 22016K, used 21696K [0x00000000eab00000, 0x00000000ed380000, 0x0000000100000000)
  eden space 20992K, 100% used [0x00000000eab00000,0x00000000ebf80000,0x00000000ebf80000)
  from space 1024K, 68% used [0x00000000ebf80000,0x00000000ec0300b0,0x00000000ec080000)
  to   space 6656K, 0% used [0x00000000ecd00000,0x00000000ecd00000,0x00000000ed380000)
 ParOldGen       total 97280K, used 53389K [0x00000000c0000000, 0x00000000c5f00000, 0x00000000eab00000)
  object space 97280K, 54% used [0x00000000c0000000,0x00000000c34235b8,0x00000000c5f00000)
 Metaspace       used 40895K, committed 41536K, reserved 1114112K
  class space    used 4135K, committed 4416K, reserved 1048576K
}
Event: 809.004 GC heap after
{Heap after GC invocations=78 (full 3):
 PSYoungGen      total 21504K, used 64K [0x00000000eab00000, 0x00000000ecd80000, 0x0000000100000000)
  eden space 20992K, 0% used [0x00000000eab00000,0x00000000eab00000,0x00000000ebf80000)
  from space 512K, 12% used [0x00000000ecd00000,0x00000000ecd10000,0x00000000ecd80000)
  to   space 1536K, 0% used [0x00000000eca80000,0x00000000eca80000,0x00000000ecc00000)
 ParOldGen       total 97280K, used 53955K [0x00000000c0000000, 0x00000000c5f00000, 0x00000000eab00000)
  object space 97280K, 55% used [0x00000000c0000000,0x00000000c34b0e08,0x00000000c5f00000)
 Metaspace       used 40895K, committed 41536K, reserved 1114112K
  class space    used 4135K, committed 4416K, reserved 1048576K
}
Event: 809.082 GC heap before
{Heap before GC invocations=79 (full 3):
 PSYoungGen      total 21504K, used 21056K [0x00000000eab00000, 0x00000000ecd80000, 0x0000000100000000)
  eden space 20992K, 100% used [0x00000000eab00000,0x00000000ebf80000,0x00000000ebf80000)
  from space 512K, 12% used [0x00000000ecd00000,0x00000000ecd10000,0x00000000ecd80000)
  to   space 1536K, 0% used [0x00000000eca80000,0x00000000eca80000,0x00000000ecc00000)
 ParOldGen       total 97280K, used 53955K [0x00000000c0000000, 0x00000000c5f00000, 0x00000000eab00000)
  object space 97280K, 55% used [0x00000000c0000000,0x00000000c34b0e08,0x00000000c5f00000)
 Metaspace       used 41532K, committed 42304K, reserved 1114112K
  class space    used 4213K, committed 4544K, reserved 1048576K
}
Event: 809.082 GC heap after
{Heap after GC invocations=79 (full 3):
 PSYoungGen      total 22528K, used 320K [0x00000000eab00000, 0x00000000ecd80000, 0x0000000100000000)
  eden space 20992K, 0% used [0x00000000eab00000,0x00000000eab00000,0x00000000ebf80000)
  from space 1536K, 20% used [0x00000000eca80000,0x00000000ecad0000,0x00000000ecc00000)
  to   space 512K, 0% used [0x00000000ecd00000,0x00000000ecd00000,0x00000000ecd80000)
 ParOldGen       total 97280K, used 53963K [0x00000000c0000000, 0x00000000c5f00000, 0x00000000eab00000)
  object space 97280K, 55% used [0x00000000c0000000,0x00000000c34b2e08,0x00000000c5f00000)
 Metaspace       used 41532K, committed 42304K, reserved 1114112K
  class space    used 4213K, committed 4544K, reserved 1048576K
}
Event: 809.250 GC heap before
{Heap before GC invocations=80 (full 3):
 PSYoungGen      total 22528K, used 21312K [0x00000000eab00000, 0x00000000ecd80000, 0x0000000100000000)
  eden space 20992K, 100% used [0x00000000eab00000,0x00000000ebf80000,0x00000000ebf80000)
  from space 1536K, 20% used [0x00000000eca80000,0x00000000ecad0000,0x00000000ecc00000)
  to   space 512K, 0% used [0x00000000ecd00000,0x00000000ecd00000,0x00000000ecd80000)
 ParOldGen       total 97280K, used 53963K [0x00000000c0000000, 0x00000000c5f00000, 0x00000000eab00000)
  object space 97280K, 55% used [0x00000000c0000000,0x00000000c34b2e08,0x00000000c5f00000)
 Metaspace       used 42070K, committed 42816K, reserved 1114112K
  class space    used 4246K, committed 4608K, reserved 1048576K
}
Event: 809.256 GC heap after
{Heap after GC invocations=80 (full 3):
 PSYoungGen      total 21504K, used 512K [0x00000000eab00000, 0x00000000ed880000, 0x0000000100000000)
  eden space 20992K, 0% used [0x00000000eab00000,0x00000000eab00000,0x00000000ebf80000)
  from space 512K, 100% used [0x00000000ecd00000,0x00000000ecd80000,0x00000000ecd80000)
  to   space 12800K, 0% used [0x00000000ebf80000,0x00000000ebf80000,0x00000000ecc00000)
 ParOldGen       total 97280K, used 64160K [0x00000000c0000000, 0x00000000c5f00000, 0x00000000eab00000)
  object space 97280K, 65% used [0x00000000c0000000,0x00000000c3ea8200,0x00000000c5f00000)
 Metaspace       used 42070K, committed 42816K, reserved 1114112K
  class space    used 4246K, committed 4608K, reserved 1048576K
}
Event: 810.347 GC heap before
{Heap before GC invocations=81 (full 3):
 PSYoungGen      total 21504K, used 21504K [0x00000000eab00000, 0x00000000ed880000, 0x0000000100000000)
  eden space 20992K, 100% used [0x00000000eab00000,0x00000000ebf80000,0x00000000ebf80000)
  from space 512K, 100% used [0x00000000ecd00000,0x00000000ecd80000,0x00000000ecd80000)
  to   space 12800K, 0% used [0x00000000ebf80000,0x00000000ebf80000,0x00000000ecc00000)
 ParOldGen       total 97280K, used 64160K [0x00000000c0000000, 0x00000000c5f00000, 0x00000000eab00000)
  object space 97280K, 65% used [0x00000000c0000000,0x00000000c3ea8200,0x00000000c5f00000)
 Metaspace       used 43799K, committed 44480K, reserved 1114112K
  class space    used 4416K, committed 4736K, reserved 1048576K
}
Event: 810.352 GC heap after
{Heap after GC invocations=81 (full 3):
 PSYoungGen      total 26624K, used 5296K [0x00000000eab00000, 0x00000000ece80000, 0x0000000100000000)
  eden space 20992K, 0% used [0x00000000eab00000,0x00000000eab00000,0x00000000ebf80000)
  from space 5632K, 94% used [0x00000000ebf80000,0x00000000ec4ac2b8,0x00000000ec500000)
  to   space 7680K, 0% used [0x00000000ec700000,0x00000000ec700000,0x00000000ece80000)
 ParOldGen       total 97280K, used 64464K [0x00000000c0000000, 0x00000000c5f00000, 0x00000000eab00000)
  object space 97280K, 66% used [0x00000000c0000000,0x00000000c3ef4200,0x00000000c5f00000)
 Metaspace       used 43799K, committed 44480K, reserved 1114112K
  class space    used 4416K, committed 4736K, reserved 1048576K
}
Event: 811.293 GC heap before
{Heap before GC invocations=82 (full 3):
 PSYoungGen      total 26624K, used 26288K [0x00000000eab00000, 0x00000000ece80000, 0x0000000100000000)
  eden space 20992K, 100% used [0x00000000eab00000,0x00000000ebf80000,0x00000000ebf80000)
  from space 5632K, 94% used [0x00000000ebf80000,0x00000000ec4ac2b8,0x00000000ec500000)
  to   space 7680K, 0% used [0x00000000ec700000,0x00000000ec700000,0x00000000ece80000)
 ParOldGen       total 97280K, used 64464K [0x00000000c0000000, 0x00000000c5f00000, 0x00000000eab00000)
  object space 97280K, 66% used [0x00000000c0000000,0x00000000c3ef4200,0x00000000c5f00000)
 Metaspace       used 44830K, committed 45696K, reserved 1114112K
  class space    used 4493K, committed 4928K, reserved 1048576K
}
Event: 811.297 GC heap after
{Heap after GC invocations=82 (full 3):
 PSYoungGen      total 23040K, used 1947K [0x00000000eab00000, 0x00000000ec900000, 0x0000000100000000)
  eden space 20992K, 0% used [0x00000000eab00000,0x00000000eab00000,0x00000000ebf80000)
  from space 2048K, 95% used [0x00000000ec700000,0x00000000ec8e6c58,0x00000000ec900000)
  to   space 3584K, 0% used [0x00000000ec200000,0x00000000ec200000,0x00000000ec580000)
 ParOldGen       total 97280K, used 69661K [0x00000000c0000000, 0x00000000c5f00000, 0x00000000eab00000)
  object space 97280K, 71% used [0x00000000c0000000,0x00000000c4407460,0x00000000c5f00000)
 Metaspace       used 44830K, committed 45696K, reserved 1114112K
  class space    used 4493K, committed 4928K, reserved 1048576K
}
Event: 811.418 GC heap before
{Heap before GC invocations=83 (full 3):
 PSYoungGen      total 23040K, used 22939K [0x00000000eab00000, 0x00000000ec900000, 0x0000000100000000)
  eden space 20992K, 100% used [0x00000000eab00000,0x00000000ebf80000,0x00000000ebf80000)
  from space 2048K, 95% used [0x00000000ec700000,0x00000000ec8e6c58,0x00000000ec900000)
  to   space 3584K, 0% used [0x00000000ec200000,0x00000000ec200000,0x00000000ec580000)
 ParOldGen       total 97280K, used 69661K [0x00000000c0000000, 0x00000000c5f00000, 0x00000000eab00000)
  object space 97280K, 71% used [0x00000000c0000000,0x00000000c4407460,0x00000000c5f00000)
 Metaspace       used 45033K, committed 45888K, reserved 1114112K
  class space    used 4500K, committed 4928K, reserved 1048576K
}
Event: 811.419 GC heap after
{Heap after GC invocations=83 (full 3):
 PSYoungGen      total 24576K, used 160K [0x00000000eab00000, 0x00000000ec780000, 0x0000000100000000)
  eden space 20992K, 0% used [0x00000000eab00000,0x00000000eab00000,0x00000000ebf80000)
  from space 3584K, 4% used [0x00000000ec200000,0x00000000ec228000,0x00000000ec580000)
  to   space 1536K, 0% used [0x00000000ec600000,0x00000000ec600000,0x00000000ec780000)
 ParOldGen       total 97280K, used 70875K [0x00000000c0000000, 0x00000000c5f00000, 0x00000000eab00000)
  object space 97280K, 72% used [0x00000000c0000000,0x00000000c4536e38,0x00000000c5f00000)
 Metaspace       used 45033K, committed 45888K, reserved 1114112K
  class space    used 4500K, committed 4928K, reserved 1048576K
}

