# JRE version: OpenJDK Runtime Environment Temurin-17.0.7+7 (17.0.7+7) (build 17.0.7+7)
# Java VM: OpenJDK 64-Bit Server VM Temurin-17.0.7+7 (17.0.7+7, mixed mode, tiered, compressed oops, compressed class ptrs, parallel gc, windows-amd64)
GC Precious Log:
 CPUs: 8 total, 8 available
 Memory: 16276M
 Large Page Support: Disabled
 NUMA Support: Disabled
 Compressed Oops: Enabled (32-bit)
 Alignments: Space 512K, Generation 512K, Heap 2M
 Heap Min Capacity: 100M
 Heap Initial Capacity: 100M
 Heap Max Capacity: 1G
 Pre-touch: Disabled
 Parallel Workers: 8
Heap:
 PSYoungGen      total 50176K, used 45619K [0x00000000eab00000, 0x00000000ee380000, 0x0000000100000000)
  eden space 49664K, 90% used [0x00000000eab00000,0x00000000ed70cde8,0x00000000edb80000)
  from space 512K, 100% used [0x00000000ee300000,0x00000000ee380000,0x00000000ee380000)
  to   space 512K, 0% used [0x00000000edb80000,0x00000000edb80000,0x00000000edc00000)
 ParOldGen       total 56320K, used 33554K [0x00000000c0000000, 0x00000000c3700000, 0x00000000eab00000)
  object space 56320K, 59% used [0x00000000c0000000,0x00000000c20c4a28,0x00000000c3700000)
 Metaspace       used 25274K, committed 25664K, reserved 1114112K
  class space    used 2466K, committed 2624K, reserved 1048576K
GC Heap History (20 events):
Event: 3.100 GC heap before
{Heap before GC invocations=25 (full 0):
 PSYoungGen      total 47104K, used 43525K [0x00000000eab00000, 0x00000000ed980000, 0x0000000100000000)
  eden space 46592K, 93% used [0x00000000eab00000,0x00000000ed581488,0x00000000ed880000)
  from space 512K, 0% used [0x00000000ed900000,0x00000000ed900000,0x00000000ed980000)
  to   space 512K, 0% used [0x00000000ed880000,0x00000000ed880000,0x00000000ed900000)
 ParOldGen       total 68608K, used 59492K [0x00000000c0000000, 0x00000000c4300000, 0x00000000eab00000)
  object space 68608K, 86% used [0x00000000c0000000,0x00000000c3a191c8,0x00000000c4300000)
 Metaspace       used 20216K, committed 20672K, reserved 1114112K
  class space    used 2055K, committed 2240K, reserved 1048576K
}
Event: 3.102 GC heap after
{Heap after GC invocations=25 (full 0):
 PSYoungGen      total 47104K, used 0K [0x00000000eab00000, 0x00000000ed980000, 0x0000000100000000)
  eden space 46592K, 0% used [0x00000000eab00000,0x00000000eab00000,0x00000000ed880000)
  from space 512K, 0% used [0x00000000ed880000,0x00000000ed880000,0x00000000ed900000)
  to   space 512K, 0% used [0x00000000ed900000,0x00000000ed900000,0x00000000ed980000)
 ParOldGen       total 68608K, used 65684K [0x00000000c0000000, 0x00000000c4300000, 0x00000000eab00000)
  object space 68608K, 95% used [0x00000000c0000000,0x00000000c40251a8,0x00000000c4300000)
 Metaspace       used 20216K, committed 20672K, reserved 1114112K
  class space    used 2055K, committed 2240K, reserved 1048576K
}
Event: 3.102 GC heap before
{Heap before GC invocations=26 (full 1):
 PSYoungGen      total 47104K, used 0K [0x00000000eab00000, 0x00000000ed980000, 0x0000000100000000)
  eden space 46592K, 0% used [0x00000000eab00000,0x00000000eab00000,0x00000000ed880000)
  from space 512K, 0% used [0x00000000ed880000,0x00000000ed880000,0x00000000ed900000)
  to   space 512K, 0% used [0x00000000ed900000,0x00000000ed900000,0x00000000ed980000)
 ParOldGen       total 68608K, used 65684K [0x00000000c0000000, 0x00000000c4300000, 0x00000000eab00000)
  object space 68608K, 95% used [0x00000000c0000000,0x00000000c40251a8,0x00000000c4300000)
 Metaspace       used 20216K, committed 20672K, reserved 1114112K
  class space    used 2055K, committed 2240K, reserved 1048576K
}
Event: 3.118 GC heap after
{Heap after GC invocations=26 (full 1):
 PSYoungGen      total 47104K, used 0K [0x00000000eab00000, 0x00000000ee780000, 0x0000000100000000)
  eden space 46592K, 0% used [0x00000000eab00000,0x00000000eab00000,0x00000000ed880000)
  from space 512K, 0% used [0x00000000ed900000,0x00000000ed900000,0x00000000ed980000)
  to   space 512K, 0% used [0x00000000ed880000,0x00000000ed880000,0x00000000ed900000)
 ParOldGen       total 45568K, used 12824K [0x00000000c0000000, 0x00000000c2c80000, 0x00000000eab00000)
  object space 45568K, 28% used [0x00000000c0000000,0x00000000c0c86010,0x00000000c2c80000)
 Metaspace       used 20203K, committed 20672K, reserved 1114112K
  class space    used 2051K, committed 2240K, reserved 1048576K
}
Event: 3.128 GC heap before
{Heap before GC invocations=27 (full 1):
 PSYoungGen      total 47104K, used 45238K [0x00000000eab00000, 0x00000000ee780000, 0x0000000100000000)
  eden space 46592K, 97% used [0x00000000eab00000,0x00000000ed72d920,0x00000000ed880000)
  from space 512K, 0% used [0x00000000ed900000,0x00000000ed900000,0x00000000ed980000)
  to   space 512K, 0% used [0x00000000ed880000,0x00000000ed880000,0x00000000ed900000)
 ParOldGen       total 45568K, used 12824K [0x00000000c0000000, 0x00000000c2c80000, 0x00000000eab00000)
  object space 45568K, 28% used [0x00000000c0000000,0x00000000c0c86010,0x00000000c2c80000)
 Metaspace       used 20203K, committed 20672K, reserved 1114112K
  class space    used 2051K, committed 2240K, reserved 1048576K
}
Event: 3.129 GC heap after
{Heap after GC invocations=27 (full 1):
 PSYoungGen      total 46080K, used 32K [0x00000000eab00000, 0x00000000ed980000, 0x0000000100000000)
  eden space 45568K, 0% used [0x00000000eab00000,0x00000000eab00000,0x00000000ed780000)
  from space 512K, 6% used [0x00000000ed880000,0x00000000ed888000,0x00000000ed900000)
  to   space 512K, 0% used [0x00000000ed900000,0x00000000ed900000,0x00000000ed980000)
 ParOldGen       total 45568K, used 19239K [0x00000000c0000000, 0x00000000c2c80000, 0x00000000eab00000)
  object space 45568K, 42% used [0x00000000c0000000,0x00000000c12c9ff0,0x00000000c2c80000)
 Metaspace       used 20203K, committed 20672K, reserved 1114112K
  class space    used 2051K, committed 2240K, reserved 1048576K
}
Event: 3.138 GC heap before
{Heap before GC invocations=28 (full 1):
 PSYoungGen      total 46080K, used 43331K [0x00000000eab00000, 0x00000000ed980000, 0x0000000100000000)
  eden space 45568K, 95% used [0x00000000eab00000,0x00000000ed548e50,0x00000000ed780000)
  from space 512K, 6% used [0x00000000ed880000,0x00000000ed888000,0x00000000ed900000)
  to   space 512K, 0% used [0x00000000ed900000,0x00000000ed900000,0x00000000ed980000)
 ParOldGen       total 45568K, used 19239K [0x00000000c0000000, 0x00000000c2c80000, 0x00000000eab00000)
  object space 45568K, 42% used [0x00000000c0000000,0x00000000c12c9ff0,0x00000000c2c80000)
 Metaspace       used 20203K, committed 20672K, reserved 1114112K
  class space    used 2051K, committed 2240K, reserved 1048576K
}
Event: 3.139 GC heap after
{Heap after GC invocations=28 (full 1):
 PSYoungGen      total 45056K, used 0K [0x00000000eab00000, 0x00000000ed980000, 0x0000000100000000)
  eden space 44544K, 0% used [0x00000000eab00000,0x00000000eab00000,0x00000000ed680000)
  from space 512K, 0% used [0x00000000ed900000,0x00000000ed900000,0x00000000ed980000)
  to   space 512K, 0% used [0x00000000ed880000,0x00000000ed880000,0x00000000ed900000)
 ParOldGen       total 45568K, used 25871K [0x00000000c0000000, 0x00000000c2c80000, 0x00000000eab00000)
  object space 45568K, 56% used [0x00000000c0000000,0x00000000c1943fd0,0x00000000c2c80000)
 Metaspace       used 20203K, committed 20672K, reserved 1114112K
  class space    used 2051K, committed 2240K, reserved 1048576K
}
Event: 3.148 GC heap before
{Heap before GC invocations=29 (full 1):
 PSYoungGen      total 45056K, used 41223K [0x00000000eab00000, 0x00000000ed980000, 0x0000000100000000)
  eden space 44544K, 92% used [0x00000000eab00000,0x00000000ed341fc8,0x00000000ed680000)
  from space 512K, 0% used [0x00000000ed900000,0x00000000ed900000,0x00000000ed980000)
  to   space 512K, 0% used [0x00000000ed880000,0x00000000ed880000,0x00000000ed900000)
 ParOldGen       total 45568K, used 25871K [0x00000000c0000000, 0x00000000c2c80000, 0x00000000eab00000)
  object space 45568K, 56% used [0x00000000c0000000,0x00000000c1943fd0,0x00000000c2c80000)
 Metaspace       used 20203K, committed 20672K, reserved 1114112K
  class space    used 2051K, committed 2240K, reserved 1048576K
}
Event: 3.149 GC heap after
{Heap after GC invocations=29 (full 1):
 PSYoungGen      total 44032K, used 0K [0x00000000eab00000, 0x00000000ed980000, 0x0000000100000000)
  eden space 43520K, 0% used [0x00000000eab00000,0x00000000eab00000,0x00000000ed580000)
  from space 512K, 0% used [0x00000000ed880000,0x00000000ed880000,0x00000000ed900000)
  to   space 512K, 0% used [0x00000000ed900000,0x00000000ed900000,0x00000000ed980000)
 ParOldGen       total 45568K, used 32687K [0x00000000c0000000, 0x00000000c2c80000, 0x00000000eab00000)
  object space 45568K, 71% used [0x00000000c0000000,0x00000000c1febfb0,0x00000000c2c80000)
 Metaspace       used 20203K, committed 20672K, reserved 1114112K
  class space    used 2051K, committed 2240K, reserved 1048576K
}
Event: 3.158 GC heap before
{Heap before GC invocations=30 (full 1):
 PSYoungGen      total 44032K, used 42360K [0x00000000eab00000, 0x00000000ed980000, 0x0000000100000000)
  eden space 43520K, 97% used [0x00000000eab00000,0x00000000ed45e3e0,0x00000000ed580000)
  from space 512K, 0% used [0x00000000ed880000,0x00000000ed880000,0x00000000ed900000)
  to   space 512K, 0% used [0x00000000ed900000,0x00000000ed900000,0x00000000ed980000)
 ParOldGen       total 45568K, used 32687K [0x00000000c0000000, 0x00000000c2c80000, 0x00000000eab00000)
  object space 45568K, 71% used [0x00000000c0000000,0x00000000c1febfb0,0x00000000c2c80000)
 Metaspace       used 20203K, committed 20672K, reserved 1114112K
  class space    used 2051K, committed 2240K, reserved 1048576K
}
Event: 3.159 GC heap after
{Heap after GC invocations=30 (full 1):
 PSYoungGen      total 43008K, used 0K [0x00000000eab00000, 0x00000000ed980000, 0x0000000100000000)
  eden space 42496K, 0% used [0x00000000eab00000,0x00000000eab00000,0x00000000ed480000)
  from space 512K, 0% used [0x00000000ed900000,0x00000000ed900000,0x00000000ed980000)
  to   space 512K, 0% used [0x00000000ed880000,0x00000000ed880000,0x00000000ed900000)
 ParOldGen       total 45568K, used 39695K [0x00000000c0000000, 0x00000000c2c80000, 0x00000000eab00000)
  object space 45568K, 87% used [0x00000000c0000000,0x00000000c26c3f80,0x00000000c2c80000)
 Metaspace       used 20203K, committed 20672K, reserved 1114112K
  class space    used 2051K, committed 2240K, reserved 1048576K
}
Event: 3.159 GC heap before
{Heap before GC invocations=31 (full 2):
 PSYoungGen      total 43008K, used 0K [0x00000000eab00000, 0x00000000ed980000, 0x0000000100000000)
  eden space 42496K, 0% used [0x00000000eab00000,0x00000000eab00000,0x00000000ed480000)
  from space 512K, 0% used [0x00000000ed900000,0x00000000ed900000,0x00000000ed980000)
  to   space 512K, 0% used [0x00000000ed880000,0x00000000ed880000,0x00000000ed900000)
 ParOldGen       total 45568K, used 39695K [0x00000000c0000000, 0x00000000c2c80000, 0x00000000eab00000)
  object space 45568K, 87% used [0x00000000c0000000,0x00000000c26c3f80,0x00000000c2c80000)
 Metaspace       used 20203K, committed 20672K, reserved 1114112K
  class space    used 2051K, committed 2240K, reserved 1048576K
}
Event: 3.174 GC heap after
{Heap after GC invocations=31 (full 2):
 PSYoungGen      total 47104K, used 0K [0x00000000eab00000, 0x00000000edc80000, 0x0000000100000000)
  eden space 46592K, 0% used [0x00000000eab00000,0x00000000eab00000,0x00000000ed880000)
  from space 512K, 0% used [0x00000000ed880000,0x00000000ed880000,0x00000000ed900000)
  to   space 512K, 0% used [0x00000000edc00000,0x00000000edc00000,0x00000000edc80000)
 ParOldGen       total 56320K, used 10407K [0x00000000c0000000, 0x00000000c3700000, 0x00000000eab00000)
  object space 56320K, 18% used [0x00000000c0000000,0x00000000c0a29de8,0x00000000c3700000)
 Metaspace       used 20203K, committed 20672K, reserved 1114112K
  class space    used 2051K, committed 2240K, reserved 1048576K
}
Event: 3.183 GC heap before
{Heap before GC invocations=32 (full 2):
 PSYoungGen      total 47104K, used 43670K [0x00000000eab00000, 0x00000000edc80000, 0x0000000100000000)
  eden space 46592K, 93% used [0x00000000eab00000,0x00000000ed5a5930,0x00000000ed880000)
  from space 512K, 0% used [0x00000000ed880000,0x00000000ed880000,0x00000000ed900000)
  to   space 512K, 0% used [0x00000000edc00000,0x00000000edc00000,0x00000000edc80000)
 ParOldGen       total 56320K, used 10407K [0x00000000c0000000, 0x00000000c3700000, 0x00000000eab00000)
  object space 56320K, 18% used [0x00000000c0000000,0x00000000c0a29de8,0x00000000c3700000)
 Metaspace       used 20203K, committed 20672K, reserved 1114112K
  class space    used 2051K, committed 2240K, reserved 1048576K
}
Event: 3.184 GC heap after
{Heap after GC invocations=32 (full 2):
 PSYoungGen      total 50176K, used 32K [0x00000000eab00000, 0x00000000ee080000, 0x0000000100000000)
  eden space 49664K, 0% used [0x00000000eab00000,0x00000000eab00000,0x00000000edb80000)
  from space 512K, 6% used [0x00000000edc00000,0x00000000edc08000,0x00000000edc80000)
  to   space 512K, 0% used [0x00000000edb80000,0x00000000edb80000,0x00000000edc00000)
 ParOldGen       total 56320K, used 17607K [0x00000000c0000000, 0x00000000c3700000, 0x00000000eab00000)
  object space 56320K, 31% used [0x00000000c0000000,0x00000000c1131db8,0x00000000c3700000)
 Metaspace       used 20203K, committed 20672K, reserved 1114112K
  class space    used 2051K, committed 2240K, reserved 1048576K
}
Event: 3.203 GC heap before
{Heap before GC invocations=33 (full 2):
 PSYoungGen      total 50176K, used 48497K [0x00000000eab00000, 0x00000000ee080000, 0x0000000100000000)
  eden space 49664K, 97% used [0x00000000eab00000,0x00000000eda547c8,0x00000000edb80000)
  from space 512K, 6% used [0x00000000edc00000,0x00000000edc08000,0x00000000edc80000)
  to   space 512K, 0% used [0x00000000edb80000,0x00000000edb80000,0x00000000edc00000)
 ParOldGen       total 56320K, used 17607K [0x00000000c0000000, 0x00000000c3700000, 0x00000000eab00000)
  object space 56320K, 31% used [0x00000000c0000000,0x00000000c1131db8,0x00000000c3700000)
 Metaspace       used 20203K, committed 20672K, reserved 1114112K
  class space    used 2051K, committed 2240K, reserved 1048576K
}
Event: 3.204 GC heap after
{Heap after GC invocations=33 (full 2):
 PSYoungGen      total 50176K, used 0K [0x00000000eab00000, 0x00000000ee380000, 0x0000000100000000)
  eden space 49664K, 0% used [0x00000000eab00000,0x00000000eab00000,0x00000000edb80000)
  from space 512K, 0% used [0x00000000edb80000,0x00000000edb80000,0x00000000edc00000)
  to   space 512K, 0% used [0x00000000ee300000,0x00000000ee300000,0x00000000ee380000)
 ParOldGen       total 56320K, used 25023K [0x00000000c0000000, 0x00000000c3700000, 0x00000000eab00000)
  object space 56320K, 44% used [0x00000000c0000000,0x00000000c186fd88,0x00000000c3700000)
 Metaspace       used 20203K, committed 20672K, reserved 1114112K
  class space    used 2051K, committed 2240K, reserved 1048576K
}
Event: 3.273 GC heap before
{Heap before GC invocations=34 (full 2):
 PSYoungGen      total 50176K, used 49664K [0x00000000eab00000, 0x00000000ee380000, 0x0000000100000000)
  eden space 49664K, 100% used [0x00000000eab00000,0x00000000edb80000,0x00000000edb80000)
  from space 512K, 0% used [0x00000000edb80000,0x00000000edb80000,0x00000000edc00000)
  to   space 512K, 0% used [0x00000000ee300000,0x00000000ee300000,0x00000000ee380000)
 ParOldGen       total 56320K, used 25023K [0x00000000c0000000, 0x00000000c3700000, 0x00000000eab00000)
  object space 56320K, 44% used [0x00000000c0000000,0x00000000c186fd88,0x00000000c3700000)
 Metaspace       used 20213K, committed 20672K, reserved 1114112K
  class space    used 2051K, committed 2240K, reserved 1048576K
}
Event: 3.276 GC heap after
{Heap after GC invocations=34 (full 2):
 PSYoungGen      total 50176K, used 512K [0x00000000eab00000, 0x00000000ee380000, 0x0000000100000000)
  eden space 49664K, 0% used [0x00000000eab00000,0x00000000eab00000,0x00000000edb80000)
  from space 512K, 100% used [0x00000000ee300000,0x00000000ee380000,0x00000000ee380000)
  to   space 512K, 0% used [0x00000000edb80000,0x00000000edb80000,0x00000000edc00000)
 ParOldGen       total 56320K, used 33554K [0x00000000c0000000, 0x00000000c3700000, 0x00000000eab00000)
  object space 56320K, 59% used [0x00000000c0000000,0x00000000c20c4a28,0x00000000c3700000)
 Metaspace       used 20213K, committed 20672K, reserved 1114112K
  class space    used 2051K, committed 2240K, reserved 1048576K
}

