# JRE version: OpenJDK Runtime Environment Microsoft-7208460 (11.0.18+10) (build 11.0.18+10-LTS)
# Java VM: OpenJDK 64-Bit Server VM Microsoft-7208460 (11.0.18+10-LTS, mixed mode, tiered, compressed oops, g1 gc, windows-amd64)
Heap:
 garbage-first heap   total 378880K, used 341235K [0x0000000080000000, 0x0000000100000000)
  region size 1024K, 11 young (11264K), 2 survivors (2048K)
 Metaspace       used 147072K, capacity 154524K, committed 154800K, reserved 649216K
  class space    used 19381K, capacity 21993K, committed 22016K, reserved 516096K
GC Heap History (20 events):
Event: 227.144 GC heap before
{Heap before GC invocations=72 (full 0):
 garbage-first heap   total 378880K, used 333179K [0x0000000080000000, 0x0000000100000000)
  region size 1024K, 19 young (19456K), 3 survivors (3072K)
 Metaspace       used 136870K, capacity 144135K, committed 144304K, reserved 641024K
  class space    used 17859K, capacity 20410K, committed 20480K, reserved 516096K
}
Event: 227.147 GC heap after
{Heap after GC invocations=73 (full 0):
 garbage-first heap   total 378880K, used 318405K [0x0000000080000000, 0x0000000100000000)
  region size 1024K, 2 young (2048K), 2 survivors (2048K)
 Metaspace       used 136870K, capacity 144135K, committed 144304K, reserved 641024K
  class space    used 17859K, capacity 20410K, committed 20480K, reserved 516096K
}
Event: 227.259 GC heap before
{Heap before GC invocations=73 (full 0):
 garbage-first heap   total 378880K, used 338885K [0x0000000080000000, 0x0000000100000000)
  region size 1024K, 18 young (18432K), 2 survivors (2048K)
 Metaspace       used 137414K, capacity 144647K, committed 144816K, reserved 641024K
  class space    used 17928K, capacity 20474K, committed 20480K, reserved 516096K
}
Event: 227.262 GC heap after
{Heap after GC invocations=74 (full 0):
 garbage-first heap   total 378880K, used 325831K [0x0000000080000000, 0x0000000100000000)
  region size 1024K, 3 young (3072K), 3 survivors (3072K)
 Metaspace       used 137414K, capacity 144647K, committed 144816K, reserved 641024K
  class space    used 17928K, capacity 20474K, committed 20480K, reserved 516096K
}
Event: 227.485 GC heap before
{Heap before GC invocations=74 (full 0):
 garbage-first heap   total 378880K, used 343239K [0x0000000080000000, 0x0000000100000000)
  region size 1024K, 18 young (18432K), 3 survivors (3072K)
 Metaspace       used 138828K, capacity 146119K, committed 146352K, reserved 643072K
  class space    used 18116K, capacity 20666K, committed 20736K, reserved 516096K
}
Event: 227.488 GC heap after
{Heap after GC invocations=75 (full 0):
 garbage-first heap   total 378880K, used 324283K [0x0000000080000000, 0x0000000100000000)
  region size 1024K, 2 young (2048K), 2 survivors (2048K)
 Metaspace       used 138828K, capacity 146119K, committed 146352K, reserved 643072K
  class space    used 18116K, capacity 20666K, committed 20736K, reserved 516096K
}
Event: 227.702 GC heap before
{Heap before GC invocations=75 (full 0):
 garbage-first heap   total 378880K, used 340667K [0x0000000080000000, 0x0000000100000000)
  region size 1024K, 18 young (18432K), 2 survivors (2048K)
 Metaspace       used 140337K, capacity 147596K, committed 147760K, reserved 643072K
  class space    used 18318K, capacity 20859K, committed 20864K, reserved 516096K
}
Event: 227.704 GC heap after
{Heap after GC invocations=76 (full 0):
 garbage-first heap   total 378880K, used 325043K [0x0000000080000000, 0x0000000100000000)
  region size 1024K, 3 young (3072K), 3 survivors (3072K)
 Metaspace       used 140337K, capacity 147596K, committed 147760K, reserved 643072K
  class space    used 18318K, capacity 20859K, committed 20864K, reserved 516096K
}
Event: 227.880 GC heap before
{Heap before GC invocations=76 (full 0):
 garbage-first heap   total 378880K, used 340403K [0x0000000080000000, 0x0000000100000000)
  region size 1024K, 18 young (18432K), 3 survivors (3072K)
 Metaspace       used 141396K, capacity 148615K, committed 148784K, reserved 645120K
  class space    used 18484K, capacity 21027K, committed 21120K, reserved 516096K
}
Event: 227.883 GC heap after
{Heap after GC invocations=77 (full 0):
 garbage-first heap   total 378880K, used 326361K [0x0000000080000000, 0x0000000100000000)
  region size 1024K, 3 young (3072K), 3 survivors (3072K)
 Metaspace       used 141396K, capacity 148615K, committed 148784K, reserved 645120K
  class space    used 18484K, capacity 21027K, committed 21120K, reserved 516096K
}
Event: 228.017 GC heap before
{Heap before GC invocations=77 (full 0):
 garbage-first heap   total 378880K, used 341721K [0x0000000080000000, 0x0000000100000000)
  region size 1024K, 18 young (18432K), 3 survivors (3072K)
 Metaspace       used 141426K, capacity 148751K, committed 149040K, reserved 645120K
  class space    used 18489K, capacity 21031K, committed 21120K, reserved 516096K
}
Event: 228.020 GC heap after
{Heap after GC invocations=78 (full 0):
 garbage-first heap   total 378880K, used 327617K [0x0000000080000000, 0x0000000100000000)
  region size 1024K, 3 young (3072K), 3 survivors (3072K)
 Metaspace       used 141426K, capacity 148751K, committed 149040K, reserved 645120K
  class space    used 18489K, capacity 21031K, committed 21120K, reserved 516096K
}
Event: 228.308 GC heap before
{Heap before GC invocations=78 (full 0):
 garbage-first heap   total 378880K, used 341953K [0x0000000080000000, 0x0000000100000000)
  region size 1024K, 18 young (18432K), 3 survivors (3072K)
 Metaspace       used 143495K, capacity 150840K, committed 150960K, reserved 647168K
  class space    used 18794K, capacity 21386K, committed 21504K, reserved 516096K
}
Event: 228.312 GC heap after
{Heap after GC invocations=79 (full 0):
 garbage-first heap   total 378880K, used 328572K [0x0000000080000000, 0x0000000100000000)
  region size 1024K, 3 young (3072K), 3 survivors (3072K)
 Metaspace       used 143495K, capacity 150840K, committed 150960K, reserved 647168K
  class space    used 18794K, capacity 21386K, committed 21504K, reserved 516096K
}
Event: 228.631 GC heap before
{Heap before GC invocations=79 (full 0):
 garbage-first heap   total 378880K, used 343932K [0x0000000080000000, 0x0000000100000000)
  region size 1024K, 18 young (18432K), 3 survivors (3072K)
 Metaspace       used 145779K, capacity 153180K, committed 153392K, reserved 649216K
  class space    used 19202K, capacity 21782K, committed 21888K, reserved 516096K
}
Event: 228.634 GC heap after
{Heap after GC invocations=80 (full 0):
 garbage-first heap   total 378880K, used 329752K [0x0000000080000000, 0x0000000100000000)
  region size 1024K, 3 young (3072K), 3 survivors (3072K)
 Metaspace       used 145779K, capacity 153180K, committed 153392K, reserved 649216K
  class space    used 19202K, capacity 21782K, committed 21888K, reserved 516096K
}
Event: 228.805 GC heap before
{Heap before GC invocations=80 (full 0):
 garbage-first heap   total 378880K, used 345112K [0x0000000080000000, 0x0000000100000000)
  region size 1024K, 18 young (18432K), 3 survivors (3072K)
 Metaspace       used 146746K, capacity 154204K, committed 154288K, reserved 649216K
  class space    used 19338K, capacity 21948K, committed 22016K, reserved 516096K
}
Event: 228.809 GC heap after
{Heap after GC invocations=81 (full 0):
 garbage-first heap   total 378880K, used 331468K [0x0000000080000000, 0x0000000100000000)
  region size 1024K, 3 young (3072K), 3 survivors (3072K)
 Metaspace       used 146746K, capacity 154204K, committed 154288K, reserved 649216K
  class space    used 19338K, capacity 21948K, committed 22016K, reserved 516096K
}
Event: 228.934 GC heap before
{Heap before GC invocations=81 (full 0):
 garbage-first heap   total 378880K, used 346828K [0x0000000080000000, 0x0000000100000000)
  region size 1024K, 18 young (18432K), 3 survivors (3072K)
 Metaspace       used 146928K, capacity 154347K, committed 154544K, reserved 649216K
  class space    used 19358K, capacity 21953K, committed 22016K, reserved 516096K
}
Event: 228.937 GC heap after
{Heap after GC invocations=82 (full 0):
 garbage-first heap   total 378880K, used 333043K [0x0000000080000000, 0x0000000100000000)
  region size 1024K, 2 young (2048K), 2 survivors (2048K)
 Metaspace       used 146928K, capacity 154347K, committed 154544K, reserved 649216K
  class space    used 19358K, capacity 21953K, committed 22016K, reserved 516096K
}

