# JRE version: OpenJDK Runtime Environment Microsoft-7208460 (11.0.18+10) (build 11.0.18+10-LTS)
# Java VM: OpenJDK 64-Bit Server VM Microsoft-7208460 (11.0.18+10-LTS, mixed mode, tiered, compressed oops, g1 gc, windows-amd64)
Heap:
 garbage-first heap   total 315392K, used 188156K [0x0000000080000000, 0x0000000100000000)
  region size 1024K, 1 young (1024K), 1 survivors (1024K)
 Metaspace       used 102208K, capacity 108038K, committed 108284K, reserved 610304K
  class space    used 13548K, capacity 15692K, committed 15692K, reserved 516096K
GC Heap History (20 events):
Event: 33.504 GC heap after
{Heap after GC invocations=25 (full 0):
 garbage-first heap   total 262144K, used 159860K [0x0000000080000000, 0x0000000100000000)
  region size 1024K, 4 young (4096K), 4 survivors (4096K)
 Metaspace       used 99474K, capacity 104377K, committed 104572K, reserved 606208K
  class space    used 13142K, capacity 14956K, committed 15052K, reserved 516096K
}
Event: 33.848 GC heap before
{Heap before GC invocations=26 (full 0):
 garbage-first heap   total 262144K, used 195700K [0x0000000080000000, 0x0000000100000000)
  region size 1024K, 39 young (39936K), 4 survivors (4096K)
 Metaspace       used 99794K, capacity 104793K, committed 104956K, reserved 606208K
  class space    used 13183K, capacity 15063K, committed 15180K, reserved 516096K
}
Event: 33.856 GC heap after
{Heap after GC invocations=27 (full 0):
 garbage-first heap   total 262144K, used 168270K [0x0000000080000000, 0x0000000100000000)
  region size 1024K, 5 young (5120K), 5 survivors (5120K)
 Metaspace       used 99794K, capacity 104793K, committed 104956K, reserved 606208K
  class space    used 13183K, capacity 15063K, committed 15180K, reserved 516096K
}
Event: 33.873 GC heap before
{Heap before GC invocations=27 (full 0):
 garbage-first heap   total 262144K, used 171342K [0x0000000080000000, 0x0000000100000000)
  region size 1024K, 9 young (9216K), 5 survivors (5120K)
 Metaspace       used 99859K, capacity 104928K, committed 105212K, reserved 606208K
  class space    used 13200K, capacity 15112K, committed 15180K, reserved 516096K
}
Event: 33.877 GC heap after
{Heap after GC invocations=28 (full 0):
 garbage-first heap   total 262144K, used 169169K [0x0000000080000000, 0x0000000100000000)
  region size 1024K, 1 young (1024K), 1 survivors (1024K)
 Metaspace       used 99859K, capacity 104928K, committed 105212K, reserved 606208K
  class space    used 13200K, capacity 15112K, committed 15180K, reserved 516096K
}
Event: 33.993 GC heap before
{Heap before GC invocations=28 (full 0):
 garbage-first heap   total 262144K, used 196817K [0x0000000080000000, 0x0000000100000000)
  region size 1024K, 27 young (27648K), 1 survivors (1024K)
 Metaspace       used 99941K, capacity 105168K, committed 105468K, reserved 608256K
  class space    used 13215K, capacity 15128K, committed 15180K, reserved 516096K
}
Event: 33.996 GC heap after
{Heap after GC invocations=29 (full 0):
 garbage-first heap   total 262144K, used 172873K [0x0000000080000000, 0x0000000100000000)
  region size 1024K, 4 young (4096K), 4 survivors (4096K)
 Metaspace       used 99941K, capacity 105168K, committed 105468K, reserved 608256K
  class space    used 13215K, capacity 15128K, committed 15180K, reserved 516096K
}
Event: 34.162 GC heap before
{Heap before GC invocations=29 (full 0):
 garbage-first heap   total 262144K, used 200521K [0x0000000080000000, 0x0000000100000000)
  region size 1024K, 31 young (31744K), 4 survivors (4096K)
 Metaspace       used 100286K, capacity 105781K, committed 105852K, reserved 608256K
  class space    used 13280K, capacity 15261K, committed 15308K, reserved 516096K
}
Event: 34.166 GC heap after
{Heap after GC invocations=30 (full 0):
 garbage-first heap   total 262144K, used 176365K [0x0000000080000000, 0x0000000100000000)
  region size 1024K, 3 young (3072K), 3 survivors (3072K)
 Metaspace       used 100286K, capacity 105781K, committed 105852K, reserved 608256K
  class space    used 13280K, capacity 15261K, committed 15308K, reserved 516096K
}
Event: 34.303 GC heap before
{Heap before GC invocations=31 (full 0):
 garbage-first heap   total 262144K, used 204013K [0x0000000080000000, 0x0000000100000000)
  region size 1024K, 31 young (31744K), 3 survivors (3072K)
 Metaspace       used 100394K, capacity 105937K, committed 106236K, reserved 608256K
  class space    used 13292K, capacity 15307K, committed 15436K, reserved 516096K
}
Event: 34.307 GC heap after
{Heap after GC invocations=32 (full 0):
 garbage-first heap   total 262144K, used 178215K [0x0000000080000000, 0x0000000100000000)
  region size 1024K, 2 young (2048K), 2 survivors (2048K)
 Metaspace       used 100394K, capacity 105937K, committed 106236K, reserved 608256K
  class space    used 13292K, capacity 15307K, committed 15436K, reserved 516096K
}
Event: 34.337 GC heap before
{Heap before GC invocations=32 (full 0):
 garbage-first heap   total 262144K, used 188455K [0x0000000080000000, 0x0000000100000000)
  region size 1024K, 12 young (12288K), 2 survivors (2048K)
 Metaspace       used 100494K, capacity 106093K, committed 106236K, reserved 608256K
  class space    used 13306K, capacity 15333K, committed 15436K, reserved 516096K
}
Event: 34.344 GC heap after
{Heap after GC invocations=33 (full 0):
 garbage-first heap   total 262144K, used 176849K [0x0000000080000000, 0x0000000100000000)
  region size 1024K, 2 young (2048K), 2 survivors (2048K)
 Metaspace       used 100494K, capacity 106093K, committed 106236K, reserved 608256K
  class space    used 13306K, capacity 15333K, committed 15436K, reserved 516096K
}
Event: 34.543 GC heap before
{Heap before GC invocations=33 (full 0):
 garbage-first heap   total 262144K, used 206545K [0x0000000080000000, 0x0000000100000000)
  region size 1024K, 32 young (32768K), 2 survivors (2048K)
 Metaspace       used 100728K, capacity 106424K, committed 106620K, reserved 608256K
  class space    used 13343K, capacity 15429K, committed 15564K, reserved 516096K
}
Event: 34.549 GC heap after
{Heap after GC invocations=34 (full 0):
 garbage-first heap   total 262144K, used 183296K [0x0000000080000000, 0x0000000100000000)
  region size 1024K, 4 young (4096K), 4 survivors (4096K)
 Metaspace       used 100728K, capacity 106424K, committed 106620K, reserved 608256K
  class space    used 13343K, capacity 15429K, committed 15564K, reserved 516096K
}
Event: 34.899 GC heap before
{Heap before GC invocations=34 (full 0):
 garbage-first heap   total 262144K, used 211968K [0x0000000080000000, 0x0000000100000000)
  region size 1024K, 32 young (32768K), 4 survivors (4096K)
 Metaspace       used 101210K, capacity 107025K, committed 107260K, reserved 608256K
  class space    used 13419K, capacity 15559K, committed 15692K, reserved 516096K
}
Event: 34.907 GC heap after
{Heap after GC invocations=35 (full 0):
 garbage-first heap   total 262144K, used 188834K [0x0000000080000000, 0x0000000100000000)
  region size 1024K, 4 young (4096K), 4 survivors (4096K)
 Metaspace       used 101210K, capacity 107025K, committed 107260K, reserved 608256K
  class space    used 13419K, capacity 15559K, committed 15692K, reserved 516096K
}
Event: 35.237 GC heap before
{Heap before GC invocations=36 (full 0):
 garbage-first heap   total 262144K, used 215458K [0x0000000080000000, 0x0000000100000000)
  region size 1024K, 31 young (31744K), 4 survivors (4096K)
 Metaspace       used 101824K, capacity 107662K, committed 107772K, reserved 608256K
  class space    used 13489K, capacity 15640K, committed 15692K, reserved 516096K
}
Event: 35.243 GC heap after
{Heap after GC invocations=37 (full 0):
 garbage-first heap   total 262144K, used 190978K [0x0000000080000000, 0x0000000100000000)
  region size 1024K, 2 young (2048K), 2 survivors (2048K)
 Metaspace       used 101824K, capacity 107662K, committed 107772K, reserved 608256K
  class space    used 13489K, capacity 15640K, committed 15692K, reserved 516096K
}
Event: 35.352 GC heap before
{Heap before GC invocations=37 (full 0):
 garbage-first heap   total 262144K, used 201218K [0x0000000080000000, 0x0000000100000000)
  region size 1024K, 12 young (12288K), 2 survivors (2048K)
 Metaspace       used 102208K, capacity 108038K, committed 108284K, reserved 610304K
  class space    used 13548K, capacity 15692K, committed 15692K, reserved 516096K
}

