# JRE version: OpenJDK Runtime Environment Microsoft-7208460 (11.0.18+10) (build 11.0.18+10-LTS)
# Java VM: OpenJDK 64-Bit Server VM Microsoft-7208460 (11.0.18+10-LTS, mixed mode, tiered, compressed oops, g1 gc, windows-amd64)
Heap:
 garbage-first heap   total 315392K, used 91335K [0x0000000701a00000, 0x0000000800000000)
  region size 1024K, 34 young (34816K), 13 survivors (13312K)
 Metaspace       used 70109K, capacity 71021K, committed 71256K, reserved 1112064K
  class space    used 7686K, capacity 8055K, committed 8064K, reserved 1048576K
GC Heap History (16 events):
Event: 0.571 GC heap before
{Heap before GC invocations=0 (full 0):
 garbage-first heap   total 262144K, used 27648K [0x0000000701a00000, 0x0000000800000000)
  region size 1024K, 24 young (24576K), 0 survivors (0K)
 Metaspace       used 12373K, capacity 12504K, committed 12800K, reserved 1060864K
  class space    used 1150K, capacity 1207K, committed 1280K, reserved 1048576K
}
Event: 0.574 GC heap after
{Heap after GC invocations=1 (full 0):
 garbage-first heap   total 262144K, used 5978K [0x0000000701a00000, 0x0000000800000000)
  region size 1024K, 3 young (3072K), 3 survivors (3072K)
 Metaspace       used 12373K, capacity 12504K, committed 12800K, reserved 1060864K
  class space    used 1150K, capacity 1207K, committed 1280K, reserved 1048576K
}
Event: 1.195 GC heap before
{Heap before GC invocations=1 (full 0):
 garbage-first heap   total 262144K, used 41818K [0x0000000701a00000, 0x0000000800000000)
  region size 1024K, 39 young (39936K), 3 survivors (3072K)
 Metaspace       used 20908K, capacity 21054K, committed 21248K, reserved 1069056K
  class space    used 2215K, capacity 2280K, committed 2304K, reserved 1048576K
}
Event: 1.208 GC heap after
{Heap after GC invocations=2 (full 0):
 garbage-first heap   total 262144K, used 9371K [0x0000000701a00000, 0x0000000800000000)
  region size 1024K, 7 young (7168K), 7 survivors (7168K)
 Metaspace       used 20908K, capacity 21054K, committed 21248K, reserved 1069056K
  class space    used 2215K, capacity 2280K, committed 2304K, reserved 1048576K
}
Event: 2.150 GC heap before
{Heap before GC invocations=3 (full 0):
 garbage-first heap   total 262144K, used 65691K [0x0000000701a00000, 0x0000000800000000)
  region size 1024K, 57 young (58368K), 7 survivors (7168K)
 Metaspace       used 32713K, capacity 33182K, committed 33536K, reserved 1079296K
  class space    used 4061K, capacity 4246K, committed 4352K, reserved 1048576K
}
Event: 2.160 GC heap after
{Heap after GC invocations=4 (full 0):
 garbage-first heap   total 262144K, used 20621K [0x0000000701a00000, 0x0000000800000000)
  region size 1024K, 8 young (8192K), 8 survivors (8192K)
 Metaspace       used 32713K, capacity 33182K, committed 33536K, reserved 1079296K
  class space    used 4061K, capacity 4246K, committed 4352K, reserved 1048576K
}
Event: 2.354 GC heap before
{Heap before GC invocations=4 (full 0):
 garbage-first heap   total 262144K, used 31885K [0x0000000701a00000, 0x0000000800000000)
  region size 1024K, 20 young (20480K), 8 survivors (8192K)
 Metaspace       used 35024K, capacity 35433K, committed 35584K, reserved 1081344K
  class space    used 4307K, capacity 4506K, committed 4608K, reserved 1048576K
}
Event: 2.361 GC heap after
{Heap after GC invocations=5 (full 0):
 garbage-first heap   total 262144K, used 20446K [0x0000000701a00000, 0x0000000800000000)
  region size 1024K, 2 young (2048K), 2 survivors (2048K)
 Metaspace       used 35024K, capacity 35433K, committed 35584K, reserved 1081344K
  class space    used 4307K, capacity 4506K, committed 4608K, reserved 1048576K
}
Event: 3.730 GC heap before
{Heap before GC invocations=6 (full 0):
 garbage-first heap   total 262144K, used 91102K [0x0000000701a00000, 0x0000000800000000)
  region size 1024K, 69 young (70656K), 2 survivors (2048K)
 Metaspace       used 48154K, capacity 48730K, committed 48896K, reserved 1091584K
  class space    used 5619K, capacity 5833K, committed 5888K, reserved 1048576K
}
Event: 3.738 GC heap after
{Heap after GC invocations=7 (full 0):
 garbage-first heap   total 262144K, used 30720K [0x0000000701a00000, 0x0000000800000000)
  region size 1024K, 9 young (9216K), 9 survivors (9216K)
 Metaspace       used 48154K, capacity 48730K, committed 48896K, reserved 1091584K
  class space    used 5619K, capacity 5833K, committed 5888K, reserved 1048576K
}
Event: 5.198 GC heap before
{Heap before GC invocations=7 (full 0):
 garbage-first heap   total 262144K, used 113664K [0x0000000701a00000, 0x0000000800000000)
  region size 1024K, 90 young (92160K), 9 survivors (9216K)
 Metaspace       used 58866K, capacity 59611K, committed 59736K, reserved 1101824K
  class space    used 6892K, capacity 7200K, committed 7296K, reserved 1048576K
}
Event: 5.233 GC heap after
{Heap after GC invocations=8 (full 0):
 garbage-first heap   total 315392K, used 39853K [0x0000000701a00000, 0x0000000800000000)
  region size 1024K, 9 young (9216K), 9 survivors (9216K)
 Metaspace       used 58866K, capacity 59611K, committed 59736K, reserved 1101824K
  class space    used 6892K, capacity 7200K, committed 7296K, reserved 1048576K
}
Event: 7.393 GC heap before
{Heap before GC invocations=9 (full 0):
 garbage-first heap   total 315392K, used 155565K [0x0000000701a00000, 0x0000000800000000)
  region size 1024K, 122 young (124928K), 9 survivors (9216K)
 Metaspace       used 65074K, capacity 65888K, committed 66136K, reserved 1107968K
  class space    used 7389K, capacity 7728K, committed 7808K, reserved 1048576K
}
Event: 7.411 GC heap after
{Heap after GC invocations=10 (full 0):
 garbage-first heap   total 315392K, used 55717K [0x0000000701a00000, 0x0000000800000000)
  region size 1024K, 16 young (16384K), 16 survivors (16384K)
 Metaspace       used 65074K, capacity 65888K, committed 66136K, reserved 1107968K
  class space    used 7389K, capacity 7728K, committed 7808K, reserved 1048576K
}
Event: 12.408 GC heap before
{Heap before GC invocations=10 (full 0):
 garbage-first heap   total 315392K, used 199077K [0x0000000701a00000, 0x0000000800000000)
  region size 1024K, 153 young (156672K), 16 survivors (16384K)
 Metaspace       used 69939K, capacity 70826K, committed 71000K, reserved 1112064K
  class space    used 7686K, capacity 8055K, committed 8064K, reserved 1048576K
}
Event: 12.435 GC heap after
{Heap after GC invocations=11 (full 0):
 garbage-first heap   total 315392K, used 70855K [0x0000000701a00000, 0x0000000800000000)
  region size 1024K, 13 young (13312K), 13 survivors (13312K)
 Metaspace       used 69939K, capacity 70826K, committed 71000K, reserved 1112064K
  class space    used 7686K, capacity 8055K, committed 8064K, reserved 1048576K
}

