# JRE version: OpenJDK Runtime Environment Microsoft-7208460 (11.0.18+10) (build 11.0.18+10-LTS)
# Java VM: OpenJDK 64-Bit Server VM Microsoft-7208460 (11.0.18+10-LTS, mixed mode, tiered, compressed oops, g1 gc, windows-amd64)
Heap:
 garbage-first heap   total 315392K, used 99669K [0x0000000701a00000, 0x0000000800000000)
  region size 1024K, 27 young (27648K), 9 survivors (9216K)
 Metaspace       used 71860K, capacity 72790K, committed 72872K, reserved 1114112K
  class space    used 7772K, capacity 8127K, committed 8192K, reserved 1048576K
GC Heap History (20 events):
Event: 0.768 GC heap before
{Heap before GC invocations=0 (full 0):
 garbage-first heap   total 262144K, used 27648K [0x0000000701a00000, 0x0000000800000000)
  region size 1024K, 24 young (24576K), 0 survivors (0K)
 Metaspace       used 12389K, capacity 12504K, committed 12800K, reserved 1060864K
  class space    used 1150K, capacity 1207K, committed 1280K, reserved 1048576K
}
Event: 0.771 GC heap after
{Heap after GC invocations=1 (full 0):
 garbage-first heap   total 262144K, used 5914K [0x0000000701a00000, 0x0000000800000000)
  region size 1024K, 3 young (3072K), 3 survivors (3072K)
 Metaspace       used 12389K, capacity 12504K, committed 12800K, reserved 1060864K
  class space    used 1150K, capacity 1207K, committed 1280K, reserved 1048576K
}
Event: 1.563 GC heap before
{Heap before GC invocations=1 (full 0):
 garbage-first heap   total 262144K, used 41754K [0x0000000701a00000, 0x0000000800000000)
  region size 1024K, 39 young (39936K), 3 survivors (3072K)
 Metaspace       used 20962K, capacity 21182K, committed 21248K, reserved 1069056K
  class space    used 2215K, capacity 2280K, committed 2304K, reserved 1048576K
}
Event: 1.575 GC heap after
{Heap after GC invocations=2 (full 0):
 garbage-first heap   total 262144K, used 9404K [0x0000000701a00000, 0x0000000800000000)
  region size 1024K, 7 young (7168K), 7 survivors (7168K)
 Metaspace       used 20962K, capacity 21182K, committed 21248K, reserved 1069056K
  class space    used 2215K, capacity 2280K, committed 2304K, reserved 1048576K
}
Event: 2.640 GC heap before
{Heap before GC invocations=3 (full 0):
 garbage-first heap   total 262144K, used 65724K [0x0000000701a00000, 0x0000000800000000)
  region size 1024K, 57 young (58368K), 7 survivors (7168K)
 Metaspace       used 32747K, capacity 33182K, committed 33532K, reserved 1079296K
  class space    used 4061K, capacity 4246K, committed 4352K, reserved 1048576K
}
Event: 2.650 GC heap after
{Heap after GC invocations=4 (full 0):
 garbage-first heap   total 262144K, used 20697K [0x0000000701a00000, 0x0000000800000000)
  region size 1024K, 8 young (8192K), 8 survivors (8192K)
 Metaspace       used 32747K, capacity 33182K, committed 33532K, reserved 1079296K
  class space    used 4061K, capacity 4246K, committed 4352K, reserved 1048576K
}
Event: 2.846 GC heap before
{Heap before GC invocations=4 (full 0):
 garbage-first heap   total 262144K, used 32985K [0x0000000701a00000, 0x0000000800000000)
  region size 1024K, 21 young (21504K), 8 survivors (8192K)
 Metaspace       used 35393K, capacity 35849K, committed 36048K, reserved 1081344K
  class space    used 4342K, capacity 4538K, committed 4608K, reserved 1048576K
}
Event: 2.853 GC heap after
{Heap after GC invocations=5 (full 0):
 garbage-first heap   total 262144K, used 20269K [0x0000000701a00000, 0x0000000800000000)
  region size 1024K, 2 young (2048K), 2 survivors (2048K)
 Metaspace       used 35393K, capacity 35849K, committed 36048K, reserved 1081344K
  class space    used 4342K, capacity 4538K, committed 4608K, reserved 1048576K
}
Event: 4.283 GC heap before
{Heap before GC invocations=6 (full 0):
 garbage-first heap   total 262144K, used 88877K [0x0000000701a00000, 0x0000000800000000)
  region size 1024K, 67 young (68608K), 2 survivors (2048K)
 Metaspace       used 48195K, capacity 48730K, committed 48848K, reserved 1091584K
  class space    used 5620K, capacity 5833K, committed 5888K, reserved 1048576K
}
Event: 4.290 GC heap after
{Heap after GC invocations=7 (full 0):
 garbage-first heap   total 262144K, used 30108K [0x0000000701a00000, 0x0000000800000000)
  region size 1024K, 9 young (9216K), 9 survivors (9216K)
 Metaspace       used 48195K, capacity 48730K, committed 48848K, reserved 1091584K
  class space    used 5620K, capacity 5833K, committed 5888K, reserved 1048576K
}
Event: 6.709 GC heap before
{Heap before GC invocations=7 (full 0):
 garbage-first heap   total 262144K, used 121244K [0x0000000701a00000, 0x0000000800000000)
  region size 1024K, 97 young (99328K), 9 survivors (9216K)
 Metaspace       used 59289K, capacity 60114K, committed 60240K, reserved 1101824K
  class space    used 6915K, capacity 7237K, committed 7296K, reserved 1048576K
}
Event: 6.727 GC heap after
{Heap after GC invocations=8 (full 0):
 garbage-first heap   total 315392K, used 41070K [0x0000000701a00000, 0x0000000800000000)
  region size 1024K, 11 young (11264K), 11 survivors (11264K)
 Metaspace       used 59289K, capacity 60114K, committed 60240K, reserved 1101824K
  class space    used 6915K, capacity 7237K, committed 7296K, reserved 1048576K
}
Event: 6.821 GC heap before
{Heap before GC invocations=8 (full 0):
 garbage-first heap   total 315392K, used 44142K [0x0000000701a00000, 0x0000000800000000)
  region size 1024K, 15 young (15360K), 11 survivors (11264K)
 Metaspace       used 59660K, capacity 60417K, committed 60496K, reserved 1101824K
  class space    used 6950K, capacity 7273K, committed 7296K, reserved 1048576K
}
Event: 6.831 GC heap after
{Heap after GC invocations=9 (full 0):
 garbage-first heap   total 315392K, used 42752K [0x0000000701a00000, 0x0000000800000000)
  region size 1024K, 2 young (2048K), 2 survivors (2048K)
 Metaspace       used 59660K, capacity 60417K, committed 60496K, reserved 1101824K
  class space    used 6950K, capacity 7273K, committed 7296K, reserved 1048576K
}
Event: 9.381 GC heap before
{Heap before GC invocations=10 (full 0):
 garbage-first heap   total 315392K, used 163584K [0x0000000701a00000, 0x0000000800000000)
  region size 1024K, 120 young (122880K), 2 survivors (2048K)
 Metaspace       used 65975K, capacity 66805K, committed 66856K, reserved 1107968K
  class space    used 7434K, capacity 7796K, committed 7808K, reserved 1048576K
}
Event: 9.397 GC heap after
{Heap after GC invocations=11 (full 0):
 garbage-first heap   total 315392K, used 57854K [0x0000000701a00000, 0x0000000800000000)
  region size 1024K, 15 young (15360K), 15 survivors (15360K)
 Metaspace       used 65975K, capacity 66805K, committed 66856K, reserved 1107968K
  class space    used 7434K, capacity 7796K, committed 7808K, reserved 1048576K
}
Event: 14.535 GC heap before
{Heap before GC invocations=12 (full 0):
 garbage-first heap   total 315392K, used 204286K [0x0000000701a00000, 0x0000000800000000)
  region size 1024K, 155 young (158720K), 15 survivors (15360K)
 Metaspace       used 70043K, capacity 70959K, committed 71208K, reserved 1112064K
  class space    used 7693K, capacity 8056K, committed 8064K, reserved 1048576K
}
Event: 14.560 GC heap after
{Heap after GC invocations=13 (full 0):
 garbage-first heap   total 315392K, used 73195K [0x0000000701a00000, 0x0000000800000000)
  region size 1024K, 13 young (13312K), 13 survivors (13312K)
 Metaspace       used 70043K, capacity 70959K, committed 71208K, reserved 1112064K
  class space    used 7693K, capacity 8056K, committed 8064K, reserved 1048576K
}
Event: 17.963 GC heap before
{Heap before GC invocations=13 (full 0):
 garbage-first heap   total 315392K, used 215531K [0x0000000701a00000, 0x0000000800000000)
  region size 1024K, 152 young (155648K), 13 survivors (13312K)
 Metaspace       used 71349K, capacity 72278K, committed 72360K, reserved 1114112K
  class space    used 7760K, capacity 8127K, committed 8192K, reserved 1048576K
}
Event: 17.980 GC heap after
{Heap after GC invocations=14 (full 0):
 garbage-first heap   total 315392K, used 82261K [0x0000000701a00000, 0x0000000800000000)
  region size 1024K, 9 young (9216K), 9 survivors (9216K)
 Metaspace       used 71349K, capacity 72278K, committed 72360K, reserved 1114112K
  class space    used 7760K, capacity 8127K, committed 8192K, reserved 1048576K
}

