# JRE version: OpenJDK Runtime Environment 18.9 (11.0.16+8) (build 11.0.16+8)
# Java VM: OpenJDK 64-Bit Server VM 18.9 (11.0.16+8, mixed mode, tiered, compressed oops, g1 gc, windows-amd64)
Heap:
 garbage-first heap   total 458752K, used 164715K [0x0000000080000000, 0x0000000100000000)
  region size 1024K, 5 young (5120K), 5 survivors (5120K)
 Metaspace       used 104836K, capacity 110004K, committed 110036K, reserved 612352K
  class space    used 13847K, capacity 15793K, committed 15820K, reserved 516096K
GC Heap History (20 events):
Event: 46.233 GC heap after
{Heap after GC invocations=49 (full 0):
 garbage-first heap   total 157696K, used 127805K [0x0000000080000000, 0x0000000100000000)
  region size 1024K, 2 young (2048K), 2 survivors (2048K)
 Metaspace       used 96556K, capacity 100464K, committed 100564K, reserved 604160K
  class space    used 12747K, capacity 14249K, committed 14284K, reserved 516096K
}
Event: 46.310 GC heap before
{Heap before GC invocations=49 (full 0):
 garbage-first heap   total 157696K, used 132925K [0x0000000080000000, 0x0000000100000000)
  region size 1024K, 7 young (7168K), 2 survivors (2048K)
 Metaspace       used 96800K, capacity 100668K, committed 100820K, reserved 604160K
  class space    used 12776K, capacity 14251K, committed 14284K, reserved 516096K
}
Event: 46.314 GC heap after
{Heap after GC invocations=50 (full 0):
 garbage-first heap   total 157696K, used 127334K [0x0000000080000000, 0x0000000100000000)
  region size 1024K, 1 young (1024K), 1 survivors (1024K)
 Metaspace       used 96800K, capacity 100668K, committed 100820K, reserved 604160K
  class space    used 12776K, capacity 14251K, committed 14284K, reserved 516096K
}
Event: 46.433 GC heap before
{Heap before GC invocations=50 (full 0):
 garbage-first heap   total 157696K, used 135526K [0x0000000080000000, 0x0000000100000000)
  region size 1024K, 9 young (9216K), 1 survivors (1024K)
 Metaspace       used 97033K, capacity 101037K, committed 101204K, reserved 604160K
  class space    used 12808K, capacity 14329K, committed 14412K, reserved 516096K
}
Event: 46.440 GC heap after
{Heap after GC invocations=51 (full 0):
 garbage-first heap   total 189440K, used 129305K [0x0000000080000000, 0x0000000100000000)
  region size 1024K, 2 young (2048K), 2 survivors (2048K)
 Metaspace       used 97033K, capacity 101037K, committed 101204K, reserved 604160K
  class space    used 12808K, capacity 14329K, committed 14412K, reserved 516096K
}
Event: 46.733 GC heap before
{Heap before GC invocations=52 (full 0):
 garbage-first heap   total 189440K, used 151833K [0x0000000080000000, 0x0000000100000000)
  region size 1024K, 24 young (24576K), 2 survivors (2048K)
 Metaspace       used 97630K, capacity 101805K, committed 102100K, reserved 604160K
  class space    used 12897K, capacity 14494K, committed 14540K, reserved 516096K
}
Event: 46.738 GC heap after
{Heap after GC invocations=53 (full 0):
 garbage-first heap   total 189440K, used 131135K [0x0000000080000000, 0x0000000100000000)
  region size 1024K, 2 young (2048K), 2 survivors (2048K)
 Metaspace       used 97630K, capacity 101805K, committed 102100K, reserved 604160K
  class space    used 12897K, capacity 14494K, committed 14540K, reserved 516096K
}
Event: 46.928 GC heap before
{Heap before GC invocations=53 (full 0):
 garbage-first heap   total 189440K, used 153663K [0x0000000080000000, 0x0000000100000000)
  region size 1024K, 24 young (24576K), 2 survivors (2048K)
 Metaspace       used 98725K, capacity 102989K, committed 103252K, reserved 606208K
  class space    used 13029K, capacity 14629K, committed 14668K, reserved 516096K
}
Event: 46.934 GC heap after
{Heap after GC invocations=54 (full 0):
 garbage-first heap   total 189440K, used 132930K [0x0000000080000000, 0x0000000100000000)
  region size 1024K, 2 young (2048K), 2 survivors (2048K)
 Metaspace       used 98725K, capacity 102989K, committed 103252K, reserved 606208K
  class space    used 13029K, capacity 14629K, committed 14668K, reserved 516096K
}
Event: 47.235 GC heap before
{Heap before GC invocations=55 (full 0):
 garbage-first heap   total 189440K, used 155458K [0x0000000080000000, 0x0000000100000000)
  region size 1024K, 24 young (24576K), 2 survivors (2048K)
 Metaspace       used 99615K, capacity 103903K, committed 104020K, reserved 606208K
  class space    used 13157K, capacity 14831K, committed 14924K, reserved 516096K
}
Event: 47.240 GC heap after
{Heap after GC invocations=56 (full 0):
 garbage-first heap   total 189440K, used 135627K [0x0000000080000000, 0x0000000100000000)
  region size 1024K, 3 young (3072K), 3 survivors (3072K)
 Metaspace       used 99615K, capacity 103903K, committed 104020K, reserved 606208K
  class space    used 13157K, capacity 14831K, committed 14924K, reserved 516096K
}
Event: 47.352 GC heap before
{Heap before GC invocations=56 (full 0):
 garbage-first heap   total 189440K, used 147915K [0x0000000080000000, 0x0000000100000000)
  region size 1024K, 17 young (17408K), 3 survivors (3072K)
 Metaspace       used 99700K, capacity 103994K, committed 104276K, reserved 606208K
  class space    used 13161K, capacity 14835K, committed 14924K, reserved 516096K
}
Event: 47.388 GC heap after
{Heap after GC invocations=57 (full 0):
 garbage-first heap   total 244736K, used 138364K [0x0000000080000000, 0x0000000100000000)
  region size 1024K, 3 young (3072K), 3 survivors (3072K)
 Metaspace       used 99700K, capacity 103994K, committed 104276K, reserved 606208K
  class space    used 13161K, capacity 14835K, committed 14924K, reserved 516096K
}
Event: 48.476 GC heap before
{Heap before GC invocations=58 (full 0):
 garbage-first heap   total 244736K, used 179324K [0x0000000080000000, 0x0000000100000000)
  region size 1024K, 39 young (39936K), 3 survivors (3072K)
 Metaspace       used 101479K, capacity 106033K, committed 106068K, reserved 608256K
  class space    used 13408K, capacity 15146K, committed 15180K, reserved 516096K
}
Event: 48.489 GC heap after
{Heap after GC invocations=59 (full 0):
 garbage-first heap   total 244736K, used 149070K [0x0000000080000000, 0x0000000100000000)
  region size 1024K, 5 young (5120K), 5 survivors (5120K)
 Metaspace       used 101479K, capacity 106033K, committed 106068K, reserved 608256K
  class space    used 13408K, capacity 15146K, committed 15180K, reserved 516096K
}
Event: 48.997 GC heap before
{Heap before GC invocations=59 (full 0):
 garbage-first heap   total 244736K, used 181838K [0x0000000080000000, 0x0000000100000000)
  region size 1024K, 38 young (38912K), 5 survivors (5120K)
 Metaspace       used 102518K, capacity 107319K, committed 107604K, reserved 610304K
  class space    used 13544K, capacity 15397K, committed 15436K, reserved 516096K
}
Event: 49.009 GC heap after
{Heap after GC invocations=60 (full 0):
 garbage-first heap   total 244736K, used 153460K [0x0000000080000000, 0x0000000100000000)
  region size 1024K, 5 young (5120K), 5 survivors (5120K)
 Metaspace       used 102518K, capacity 107319K, committed 107604K, reserved 610304K
  class space    used 13544K, capacity 15397K, committed 15436K, reserved 516096K
}
Event: 49.385 GC heap before
{Heap before GC invocations=61 (full 0):
 garbage-first heap   total 244736K, used 190324K [0x0000000080000000, 0x0000000100000000)
  region size 1024K, 39 young (39936K), 5 survivors (5120K)
 Metaspace       used 103987K, capacity 109020K, committed 109140K, reserved 610304K
  class space    used 13733K, capacity 15618K, committed 15692K, reserved 516096K
}
Event: 49.392 GC heap after
{Heap after GC invocations=62 (full 0):
 garbage-first heap   total 244736K, used 159931K [0x0000000080000000, 0x0000000100000000)
  region size 1024K, 5 young (5120K), 5 survivors (5120K)
 Metaspace       used 103987K, capacity 109020K, committed 109140K, reserved 610304K
  class space    used 13733K, capacity 15618K, committed 15692K, reserved 516096K
}
Event: 49.687 GC heap before
{Heap before GC invocations=62 (full 0):
 garbage-first heap   total 244736K, used 192699K [0x0000000080000000, 0x0000000100000000)
  region size 1024K, 38 young (38912K), 5 survivors (5120K)
 Metaspace       used 104836K, capacity 110004K, committed 110036K, reserved 612352K
  class space    used 13847K, capacity 15793K, committed 15820K, reserved 516096K
}

