# JRE version: OpenJDK Runtime Environment Microsoft-7208460 (11.0.18+10) (build 11.0.18+10-LTS)
# Java VM: OpenJDK 64-Bit Server VM Microsoft-7208460 (11.0.18+10-LTS, mixed mode, tiered, compressed oops, g1 gc, windows-amd64)
Heap:
 garbage-first heap   total 378880K, used 344508K [0x0000000080000000, 0x0000000100000000)
  region size 1024K, 17 young (17408K), 3 survivors (3072K)
 Metaspace       used 149571K, capacity 156806K, committed 157140K, reserved 653312K
  class space    used 18997K, capacity 21583K, committed 21708K, reserved 516096K
GC Heap History (20 events):
Event: 114.175 GC heap before
{Heap before GC invocations=75 (full 0):
 garbage-first heap   total 378880K, used 324119K [0x0000000080000000, 0x0000000100000000)
  region size 1024K, 24 young (24576K), 1 survivors (1024K)
 Metaspace       used 146756K, capacity 153837K, committed 154580K, reserved 651264K
  class space    used 18639K, capacity 21189K, committed 21452K, reserved 516096K
}
Event: 114.178 GC heap after
{Heap after GC invocations=76 (full 0):
 garbage-first heap   total 378880K, used 302192K [0x0000000080000000, 0x0000000100000000)
  region size 1024K, 3 young (3072K), 3 survivors (3072K)
 Metaspace       used 146756K, capacity 153837K, committed 154580K, reserved 651264K
  class space    used 18639K, capacity 21189K, committed 21452K, reserved 516096K
}
Event: 124.954 GC heap before
{Heap before GC invocations=76 (full 0):
 garbage-first heap   total 378880K, used 325744K [0x0000000080000000, 0x0000000100000000)
  region size 1024K, 26 young (26624K), 3 survivors (3072K)
 Metaspace       used 147838K, capacity 154906K, committed 155220K, reserved 651264K
  class space    used 18786K, capacity 21358K, committed 21580K, reserved 516096K
}
Event: 124.957 GC heap after
{Heap after GC invocations=77 (full 0):
 garbage-first heap   total 378880K, used 303106K [0x0000000080000000, 0x0000000100000000)
  region size 1024K, 1 young (1024K), 1 survivors (1024K)
 Metaspace       used 147838K, capacity 154906K, committed 155220K, reserved 651264K
  class space    used 18786K, capacity 21358K, committed 21580K, reserved 516096K
}
Event: 125.961 GC heap before
{Heap before GC invocations=77 (full 0):
 garbage-first heap   total 378880K, used 328706K [0x0000000080000000, 0x0000000100000000)
  region size 1024K, 25 young (25600K), 1 survivors (1024K)
 Metaspace       used 147885K, capacity 154994K, committed 155476K, reserved 651264K
  class space    used 18790K, capacity 21366K, committed 21580K, reserved 516096K
}
Event: 125.963 GC heap after
{Heap after GC invocations=78 (full 0):
 garbage-first heap   total 378880K, used 305820K [0x0000000080000000, 0x0000000100000000)
  region size 1024K, 2 young (2048K), 2 survivors (2048K)
 Metaspace       used 147885K, capacity 154994K, committed 155476K, reserved 651264K
  class space    used 18790K, capacity 21366K, committed 21580K, reserved 516096K
}
Event: 126.790 GC heap before
{Heap before GC invocations=78 (full 0):
 garbage-first heap   total 378880K, used 328348K [0x0000000080000000, 0x0000000100000000)
  region size 1024K, 25 young (25600K), 2 survivors (2048K)
 Metaspace       used 148401K, capacity 155573K, committed 155988K, reserved 651264K
  class space    used 18867K, capacity 21447K, committed 21580K, reserved 516096K
}
Event: 126.794 GC heap after
{Heap after GC invocations=79 (full 0):
 garbage-first heap   total 378880K, used 305738K [0x0000000080000000, 0x0000000100000000)
  region size 1024K, 4 young (4096K), 4 survivors (4096K)
 Metaspace       used 148401K, capacity 155573K, committed 155988K, reserved 651264K
  class space    used 18867K, capacity 21447K, committed 21580K, reserved 516096K
}
Event: 127.545 GC heap before
{Heap before GC invocations=79 (full 0):
 garbage-first heap   total 378880K, used 328266K [0x0000000080000000, 0x0000000100000000)
  region size 1024K, 27 young (27648K), 4 survivors (4096K)
 Metaspace       used 149217K, capacity 156423K, committed 156628K, reserved 651264K
  class space    used 18970K, capacity 21537K, committed 21708K, reserved 516096K
}
Event: 127.551 GC heap after
{Heap after GC invocations=80 (full 0):
 garbage-first heap   total 378880K, used 306500K [0x0000000080000000, 0x0000000100000000)
  region size 1024K, 1 young (1024K), 1 survivors (1024K)
 Metaspace       used 149217K, capacity 156423K, committed 156628K, reserved 651264K
  class space    used 18970K, capacity 21537K, committed 21708K, reserved 516096K
}
Event: 131.523 GC heap before
{Heap before GC invocations=80 (full 0):
 garbage-first heap   total 378880K, used 332100K [0x0000000080000000, 0x0000000100000000)
  region size 1024K, 25 young (25600K), 1 survivors (1024K)
 Metaspace       used 149361K, capacity 156631K, committed 156884K, reserved 653312K
  class space    used 18993K, capacity 21577K, committed 21708K, reserved 516096K
}
Event: 131.529 GC heap after
{Heap after GC invocations=81 (full 0):
 garbage-first heap   total 378880K, used 314907K [0x0000000080000000, 0x0000000100000000)
  region size 1024K, 4 young (4096K), 4 survivors (4096K)
 Metaspace       used 149361K, capacity 156631K, committed 156884K, reserved 653312K
  class space    used 18993K, capacity 21577K, committed 21708K, reserved 516096K
}
Event: 131.758 GC heap before
{Heap before GC invocations=81 (full 0):
 garbage-first heap   total 378880K, used 332315K [0x0000000080000000, 0x0000000100000000)
  region size 1024K, 21 young (21504K), 4 survivors (4096K)
 Metaspace       used 149427K, capacity 156701K, committed 156884K, reserved 653312K
  class space    used 18994K, capacity 21577K, committed 21708K, reserved 516096K
}
Event: 131.768 GC heap after
{Heap after GC invocations=82 (full 0):
 garbage-first heap   total 378880K, used 318366K [0x0000000080000000, 0x0000000100000000)
  region size 1024K, 3 young (3072K), 3 survivors (3072K)
 Metaspace       used 149427K, capacity 156701K, committed 156884K, reserved 653312K
  class space    used 18994K, capacity 21577K, committed 21708K, reserved 516096K
}
Event: 132.451 GC heap before
{Heap before GC invocations=82 (full 0):
 garbage-first heap   total 378880K, used 333726K [0x0000000080000000, 0x0000000100000000)
  region size 1024K, 18 young (18432K), 3 survivors (3072K)
 Metaspace       used 149484K, capacity 156768K, committed 157140K, reserved 653312K
  class space    used 18994K, capacity 21577K, committed 21708K, reserved 516096K
}
Event: 132.461 GC heap after
{Heap after GC invocations=83 (full 0):
 garbage-first heap   total 378880K, used 320336K [0x0000000080000000, 0x0000000100000000)
  region size 1024K, 2 young (2048K), 2 survivors (2048K)
 Metaspace       used 149484K, capacity 156768K, committed 157140K, reserved 653312K
  class space    used 18994K, capacity 21577K, committed 21708K, reserved 516096K
}
Event: 135.763 GC heap before
{Heap before GC invocations=83 (full 0):
 garbage-first heap   total 378880K, used 335696K [0x0000000080000000, 0x0000000100000000)
  region size 1024K, 18 young (18432K), 2 survivors (2048K)
 Metaspace       used 149527K, capacity 156794K, committed 157140K, reserved 653312K
  class space    used 18996K, capacity 21581K, committed 21708K, reserved 516096K
}
Event: 135.769 GC heap after
{Heap after GC invocations=84 (full 0):
 garbage-first heap   total 378880K, used 323044K [0x0000000080000000, 0x0000000100000000)
  region size 1024K, 3 young (3072K), 3 survivors (3072K)
 Metaspace       used 149527K, capacity 156794K, committed 157140K, reserved 653312K
  class space    used 18996K, capacity 21581K, committed 21708K, reserved 516096K
}
Event: 136.444 GC heap before
{Heap before GC invocations=84 (full 0):
 garbage-first heap   total 378880K, used 339428K [0x0000000080000000, 0x0000000100000000)
  region size 1024K, 18 young (18432K), 3 survivors (3072K)
 Metaspace       used 149548K, capacity 156794K, committed 157140K, reserved 653312K
  class space    used 18996K, capacity 21581K, committed 21708K, reserved 516096K
}
Event: 136.450 GC heap after
{Heap after GC invocations=85 (full 0):
 garbage-first heap   total 378880K, used 331196K [0x0000000080000000, 0x0000000100000000)
  region size 1024K, 3 young (3072K), 3 survivors (3072K)
 Metaspace       used 149548K, capacity 156794K, committed 157140K, reserved 653312K
  class space    used 18996K, capacity 21581K, committed 21708K, reserved 516096K
}

