# JRE version: OpenJDK Runtime Environment Microsoft-7208460 (11.0.18+10) (build 11.0.18+10-LTS)
# Java VM: OpenJDK 64-Bit Server VM Microsoft-7208460 (11.0.18+10-LTS, mixed mode, tiered, compressed oops, g1 gc, windows-amd64)
Heap:
 garbage-first heap   total 315392K, used 74413K [0x0000000701a00000, 0x0000000800000000)
  region size 1024K, 33 young (33792K), 12 survivors (12288K)
 Metaspace       used 74923K, capacity 75638K, committed 75648K, reserved 1116160K
  class space    used 8038K, capacity 8316K, committed 8320K, reserved 1048576K
GC Heap History (16 events):
Event: 1.094 GC heap before
{Heap before GC invocations=0 (full 0):
 garbage-first heap   total 262144K, used 27648K [0x0000000701a00000, 0x0000000800000000)
  region size 1024K, 24 young (24576K), 0 survivors (0K)
 Metaspace       used 12206K, capacity 12286K, committed 12416K, reserved 1060864K
  class space    used 1090K, capacity 1113K, committed 1152K, reserved 1048576K
}
Event: 1.097 GC heap after
{Heap after GC invocations=1 (full 0):
 garbage-first heap   total 262144K, used 6373K [0x0000000701a00000, 0x0000000800000000)
  region size 1024K, 3 young (3072K), 3 survivors (3072K)
 Metaspace       used 12206K, capacity 12286K, committed 12416K, reserved 1060864K
  class space    used 1090K, capacity 1113K, committed 1152K, reserved 1048576K
}
Event: 2.561 GC heap before
{Heap before GC invocations=1 (full 0):
 garbage-first heap   total 262144K, used 43237K [0x0000000701a00000, 0x0000000800000000)
  region size 1024K, 40 young (40960K), 3 survivors (3072K)
 Metaspace       used 21011K, capacity 21156K, committed 21248K, reserved 1069056K
  class space    used 2201K, capacity 2271K, committed 2304K, reserved 1048576K
}
Event: 2.575 GC heap after
{Heap after GC invocations=2 (full 0):
 garbage-first heap   total 262144K, used 9680K [0x0000000701a00000, 0x0000000800000000)
  region size 1024K, 7 young (7168K), 7 survivors (7168K)
 Metaspace       used 21011K, capacity 21156K, committed 21248K, reserved 1069056K
  class space    used 2201K, capacity 2271K, committed 2304K, reserved 1048576K
}
Event: 5.000 GC heap before
{Heap before GC invocations=3 (full 0):
 garbage-first heap   total 262144K, used 64976K [0x0000000701a00000, 0x0000000800000000)
  region size 1024K, 56 young (57344K), 7 survivors (7168K)
 Metaspace       used 32798K, capacity 33223K, committed 33536K, reserved 1079296K
  class space    used 4057K, capacity 4242K, committed 4352K, reserved 1048576K
}
Event: 5.011 GC heap after
{Heap after GC invocations=4 (full 0):
 garbage-first heap   total 262144K, used 21117K [0x0000000701a00000, 0x0000000800000000)
  region size 1024K, 7 young (7168K), 7 survivors (7168K)
 Metaspace       used 32798K, capacity 33223K, committed 33536K, reserved 1079296K
  class space    used 4057K, capacity 4242K, committed 4352K, reserved 1048576K
}
Event: 5.441 GC heap before
{Heap before GC invocations=4 (full 0):
 garbage-first heap   total 262144K, used 33405K [0x0000000701a00000, 0x0000000800000000)
  region size 1024K, 20 young (20480K), 7 survivors (7168K)
 Metaspace       used 35342K, capacity 35730K, committed 35840K, reserved 1081344K
  class space    used 4328K, capacity 4502K, committed 4608K, reserved 1048576K
}
Event: 5.456 GC heap after
{Heap after GC invocations=5 (full 0):
 garbage-first heap   total 262144K, used 21693K [0x0000000701a00000, 0x0000000800000000)
  region size 1024K, 3 young (3072K), 3 survivors (3072K)
 Metaspace       used 35342K, capacity 35730K, committed 35840K, reserved 1081344K
  class space    used 4328K, capacity 4502K, committed 4608K, reserved 1048576K
}
Event: 7.552 GC heap before
{Heap before GC invocations=6 (full 0):
 garbage-first heap   total 262144K, used 89277K [0x0000000701a00000, 0x0000000800000000)
  region size 1024K, 67 young (68608K), 3 survivors (3072K)
 Metaspace       used 48803K, capacity 49366K, committed 49536K, reserved 1093632K
  class space    used 5701K, capacity 5925K, committed 6016K, reserved 1048576K
}
Event: 7.561 GC heap after
{Heap after GC invocations=7 (full 0):
 garbage-first heap   total 262144K, used 30112K [0x0000000701a00000, 0x0000000800000000)
  region size 1024K, 9 young (9216K), 9 survivors (9216K)
 Metaspace       used 48803K, capacity 49366K, committed 49536K, reserved 1093632K
  class space    used 5701K, capacity 5925K, committed 6016K, reserved 1048576K
}
Event: 10.582 GC heap before
{Heap before GC invocations=7 (full 0):
 garbage-first heap   total 262144K, used 131488K [0x0000000701a00000, 0x0000000800000000)
  region size 1024K, 107 young (109568K), 9 survivors (9216K)
 Metaspace       used 55876K, capacity 56435K, committed 56576K, reserved 1099776K
  class space    used 6321K, capacity 6550K, committed 6656K, reserved 1048576K
}
Event: 10.602 GC heap after
{Heap after GC invocations=8 (full 0):
 garbage-first heap   total 262144K, used 41055K [0x0000000701a00000, 0x0000000800000000)
  region size 1024K, 14 young (14336K), 14 survivors (14336K)
 Metaspace       used 55876K, capacity 56435K, committed 56576K, reserved 1099776K
  class space    used 6321K, capacity 6550K, committed 6656K, reserved 1048576K
}
Event: 12.635 GC heap before
{Heap before GC invocations=8 (full 0):
 garbage-first heap   total 262144K, used 68703K [0x0000000701a00000, 0x0000000800000000)
  region size 1024K, 42 young (43008K), 14 survivors (14336K)
 Metaspace       used 59419K, capacity 60028K, committed 60160K, reserved 1101824K
  class space    used 6571K, capacity 6814K, committed 6912K, reserved 1048576K
}
Event: 12.681 GC heap after
{Heap after GC invocations=9 (full 0):
 garbage-first heap   total 262144K, used 45866K [0x0000000701a00000, 0x0000000800000000)
  region size 1024K, 12 young (12288K), 12 survivors (12288K)
 Metaspace       used 59419K, capacity 60028K, committed 60160K, reserved 1101824K
  class space    used 6571K, capacity 6814K, committed 6912K, reserved 1048576K
}
Event: 17.992 GC heap before
{Heap before GC invocations=10 (full 0):
 garbage-first heap   total 262144K, used 134954K [0x0000000701a00000, 0x0000000800000000)
  region size 1024K, 99 young (101376K), 12 survivors (12288K)
 Metaspace       used 73637K, capacity 74349K, committed 74624K, reserved 1116160K
  class space    used 7969K, capacity 8249K, committed 8320K, reserved 1048576K
}
Event: 18.017 GC heap after
{Heap after GC invocations=11 (full 0):
 garbage-first heap   total 315392K, used 53933K [0x0000000701a00000, 0x0000000800000000)
  region size 1024K, 12 young (12288K), 12 survivors (12288K)
 Metaspace       used 73637K, capacity 74349K, committed 74624K, reserved 1116160K
  class space    used 7969K, capacity 8249K, committed 8320K, reserved 1048576K
}

