# JRE version: OpenJDK Runtime Environment Microsoft-7208460 (11.0.18+10) (build 11.0.18+10-LTS)
# Java VM: OpenJDK 64-Bit Server VM Microsoft-7208460 (11.0.18+10-LTS, mixed mode, tiered, compressed oops, g1 gc, windows-amd64)
Heap:
 garbage-first heap   total 448512K, used 379119K [0x0000000080000000, 0x0000000100000000)
  region size 1024K, 29 young (29696K), 6 survivors (6144K)
 Metaspace       used 143504K, capacity 150976K, committed 151120K, reserved 647168K
  class space    used 18816K, capacity 21660K, committed 21760K, reserved 516096K
GC Heap History (20 events):
Event: 42.266 GC heap before
{Heap before GC invocations=56 (full 0):
 garbage-first heap   total 448512K, used 374664K [0x0000000080000000, 0x0000000100000000)
  region size 1024K, 85 young (87040K), 10 survivors (10240K)
 Metaspace       used 127688K, capacity 134149K, committed 134480K, reserved 632832K
  class space    used 16684K, capacity 19124K, committed 19200K, reserved 516096K
}
Event: 42.275 GC heap after
{Heap after GC invocations=57 (full 0):
 garbage-first heap   total 448512K, used 292364K [0x0000000080000000, 0x0000000100000000)
  region size 1024K, 8 young (8192K), 8 survivors (8192K)
 Metaspace       used 127688K, capacity 134149K, committed 134480K, reserved 632832K
  class space    used 16684K, capacity 19124K, committed 19200K, reserved 516096K
}
Event: 42.714 GC heap before
{Heap before GC invocations=57 (full 0):
 garbage-first heap   total 448512K, used 372236K [0x0000000080000000, 0x0000000100000000)
  region size 1024K, 83 young (84992K), 8 survivors (8192K)
 Metaspace       used 128742K, capacity 135315K, committed 135504K, reserved 632832K
  class space    used 16755K, capacity 19196K, committed 19200K, reserved 516096K
}
Event: 42.722 GC heap after
{Heap after GC invocations=58 (full 0):
 garbage-first heap   total 448512K, used 296893K [0x0000000080000000, 0x0000000100000000)
  region size 1024K, 7 young (7168K), 7 survivors (7168K)
 Metaspace       used 128742K, capacity 135315K, committed 135504K, reserved 632832K
  class space    used 16755K, capacity 19196K, committed 19200K, reserved 516096K
}
Event: 43.641 GC heap before
{Heap before GC invocations=58 (full 0):
 garbage-first heap   total 448512K, used 371645K [0x0000000080000000, 0x0000000100000000)
  region size 1024K, 81 young (82944K), 7 survivors (7168K)
 Metaspace       used 131088K, capacity 137613K, committed 137680K, reserved 634880K
  class space    used 17045K, capacity 19536K, committed 19584K, reserved 516096K
}
Event: 43.654 GC heap after
{Heap after GC invocations=59 (full 0):
 garbage-first heap   total 448512K, used 306725K [0x0000000080000000, 0x0000000100000000)
  region size 1024K, 10 young (10240K), 10 survivors (10240K)
 Metaspace       used 131088K, capacity 137613K, committed 137680K, reserved 634880K
  class space    used 17045K, capacity 19536K, committed 19584K, reserved 516096K
}
Event: 44.844 GC heap before
{Heap before GC invocations=59 (full 0):
 garbage-first heap   total 448512K, used 375333K [0x0000000080000000, 0x0000000100000000)
  region size 1024K, 78 young (79872K), 10 survivors (10240K)
 Metaspace       used 133441K, capacity 140008K, committed 140368K, reserved 636928K
  class space    used 17372K, capacity 19863K, committed 19968K, reserved 516096K
}
Event: 44.856 GC heap after
{Heap after GC invocations=60 (full 0):
 garbage-first heap   total 448512K, used 314897K [0x0000000080000000, 0x0000000100000000)
  region size 1024K, 8 young (8192K), 8 survivors (8192K)
 Metaspace       used 133441K, capacity 140008K, committed 140368K, reserved 636928K
  class space    used 17372K, capacity 19863K, committed 19968K, reserved 516096K
}
Event: 45.936 GC heap before
{Heap before GC invocations=60 (full 0):
 garbage-first heap   total 448512K, used 382481K [0x0000000080000000, 0x0000000100000000)
  region size 1024K, 71 young (72704K), 8 survivors (8192K)
 Metaspace       used 134372K, capacity 141061K, committed 141264K, reserved 638976K
  class space    used 17489K, capacity 20023K, committed 20096K, reserved 516096K
}
Event: 45.947 GC heap after
{Heap after GC invocations=61 (full 0):
 garbage-first heap   total 448512K, used 323181K [0x0000000080000000, 0x0000000100000000)
  region size 1024K, 9 young (9216K), 9 survivors (9216K)
 Metaspace       used 134372K, capacity 141061K, committed 141264K, reserved 638976K
  class space    used 17489K, capacity 20023K, committed 20096K, reserved 516096K
}
Event: 46.530 GC heap before
{Heap before GC invocations=61 (full 0):
 garbage-first heap   total 448512K, used 391789K [0x0000000080000000, 0x0000000100000000)
  region size 1024K, 67 young (68608K), 9 survivors (9216K)
 Metaspace       used 134693K, capacity 141442K, committed 141520K, reserved 638976K
  class space    used 17541K, capacity 20065K, committed 20096K, reserved 516096K
}
Event: 46.541 GC heap after
{Heap after GC invocations=62 (full 0):
 garbage-first heap   total 448512K, used 330223K [0x0000000080000000, 0x0000000100000000)
  region size 1024K, 6 young (6144K), 6 survivors (6144K)
 Metaspace       used 134693K, capacity 141442K, committed 141520K, reserved 638976K
  class space    used 17541K, capacity 20065K, committed 20096K, reserved 516096K
}
Event: 46.827 GC heap before
{Heap before GC invocations=62 (full 0):
 garbage-first heap   total 448512K, used 384495K [0x0000000080000000, 0x0000000100000000)
  region size 1024K, 60 young (61440K), 6 survivors (6144K)
 Metaspace       used 135407K, capacity 142159K, committed 142416K, reserved 638976K
  class space    used 17640K, capacity 20175K, committed 20224K, reserved 516096K
}
Event: 46.835 GC heap after
{Heap after GC invocations=63 (full 0):
 garbage-first heap   total 448512K, used 339838K [0x0000000080000000, 0x0000000100000000)
  region size 1024K, 8 young (8192K), 8 survivors (8192K)
 Metaspace       used 135407K, capacity 142159K, committed 142416K, reserved 638976K
  class space    used 17640K, capacity 20175K, committed 20224K, reserved 516096K
}
Event: 47.380 GC heap before
{Heap before GC invocations=63 (full 0):
 garbage-first heap   total 448512K, used 384894K [0x0000000080000000, 0x0000000100000000)
  region size 1024K, 53 young (54272K), 8 survivors (8192K)
 Metaspace       used 138447K, capacity 145275K, committed 145488K, reserved 641024K
  class space    used 18044K, capacity 20650K, committed 20736K, reserved 516096K
}
Event: 47.386 GC heap after
{Heap after GC invocations=64 (full 0):
 garbage-first heap   total 448512K, used 346766K [0x0000000080000000, 0x0000000100000000)
  region size 1024K, 7 young (7168K), 7 survivors (7168K)
 Metaspace       used 138447K, capacity 145275K, committed 145488K, reserved 641024K
  class space    used 18044K, capacity 20650K, committed 20736K, reserved 516096K
}
Event: 47.821 GC heap before
{Heap before GC invocations=64 (full 0):
 garbage-first heap   total 448512K, used 386702K [0x0000000080000000, 0x0000000100000000)
  region size 1024K, 46 young (47104K), 7 survivors (7168K)
 Metaspace       used 141378K, capacity 148523K, committed 148816K, reserved 645120K
  class space    used 18466K, capacity 21145K, committed 21248K, reserved 516096K
}
Event: 47.832 GC heap after
{Heap after GC invocations=65 (full 0):
 garbage-first heap   total 448512K, used 350885K [0x0000000080000000, 0x0000000100000000)
  region size 1024K, 6 young (6144K), 6 survivors (6144K)
 Metaspace       used 141378K, capacity 148523K, committed 148816K, reserved 645120K
  class space    used 18466K, capacity 21145K, committed 21248K, reserved 516096K
}
Event: 48.057 GC heap before
{Heap before GC invocations=65 (full 0):
 garbage-first heap   total 448512K, used 387749K [0x0000000080000000, 0x0000000100000000)
  region size 1024K, 43 young (44032K), 6 survivors (6144K)
 Metaspace       used 142859K, capacity 150210K, committed 150480K, reserved 645120K
  class space    used 18722K, capacity 21556K, committed 21632K, reserved 516096K
}
Event: 48.072 GC heap after
{Heap after GC invocations=66 (full 0):
 garbage-first heap   total 448512K, used 357615K [0x0000000080000000, 0x0000000100000000)
  region size 1024K, 6 young (6144K), 6 survivors (6144K)
 Metaspace       used 142859K, capacity 150210K, committed 150480K, reserved 645120K
  class space    used 18722K, capacity 21556K, committed 21632K, reserved 516096K
}

