# JRE version: OpenJDK Runtime Environment Microsoft-7208460 (11.0.18+10) (build 11.0.18+10-LTS)
# Java VM: OpenJDK 64-Bit Server VM Microsoft-7208460 (11.0.18+10-LTS, mixed mode, tiered, compressed oops, g1 gc, windows-amd64)
Heap:
 garbage-first heap   total 795648K, used 393216K [0x0000000080000000, 0x0000000100000000)
  region size 1024K, 3 young (3072K), 3 survivors (3072K)
 Metaspace       used 137419K, capacity 144331K, committed 144688K, reserved 641024K
  class space    used 17903K, capacity 20480K, committed 20520K, reserved 516096K
GC Heap History (20 events):
Event: 49.509 GC heap after
{Heap after GC invocations=65 (full 0):
 garbage-first heap   total 382976K, used 327768K [0x0000000080000000, 0x0000000100000000)
  region size 1024K, 3 young (3072K), 3 survivors (3072K)
 Metaspace       used 132105K, capacity 138763K, committed 139056K, reserved 636928K
  class space    used 17185K, capacity 19691K, committed 19752K, reserved 516096K
}
Event: 49.550 GC heap before
{Heap before GC invocations=65 (full 0):
 garbage-first heap   total 382976K, used 346200K [0x0000000080000000, 0x0000000100000000)
  region size 1024K, 18 young (18432K), 3 survivors (3072K)
 Metaspace       used 132153K, capacity 138865K, committed 139056K, reserved 636928K
  class space    used 17190K, capacity 19724K, committed 19752K, reserved 516096K
}
Event: 49.553 GC heap after
{Heap after GC invocations=66 (full 0):
 garbage-first heap   total 382976K, used 337039K [0x0000000080000000, 0x0000000100000000)
  region size 1024K, 3 young (3072K), 3 survivors (3072K)
 Metaspace       used 132153K, capacity 138865K, committed 139056K, reserved 636928K
  class space    used 17190K, capacity 19724K, committed 19752K, reserved 516096K
}
Event: 49.593 GC heap before
{Heap before GC invocations=66 (full 0):
 garbage-first heap   total 382976K, used 357519K [0x0000000080000000, 0x0000000100000000)
  region size 1024K, 18 young (18432K), 3 survivors (3072K)
 Metaspace       used 132246K, capacity 138935K, committed 139056K, reserved 636928K
  class space    used 17201K, capacity 19726K, committed 19752K, reserved 516096K
}
Event: 49.596 GC heap after
{Heap after GC invocations=67 (full 0):
 garbage-first heap   total 382976K, used 348489K [0x0000000080000000, 0x0000000100000000)
  region size 1024K, 3 young (3072K), 3 survivors (3072K)
 Metaspace       used 132246K, capacity 138935K, committed 139056K, reserved 636928K
  class space    used 17201K, capacity 19726K, committed 19752K, reserved 516096K
}
Event: 49.667 GC heap before
{Heap before GC invocations=67 (full 0):
 garbage-first heap   total 382976K, used 368969K [0x0000000080000000, 0x0000000100000000)
  region size 1024K, 18 young (18432K), 3 survivors (3072K)
 Metaspace       used 132733K, capacity 139431K, committed 139696K, reserved 636928K
  class space    used 17278K, capacity 19800K, committed 19880K, reserved 516096K
}
Event: 49.670 GC heap after
{Heap after GC invocations=68 (full 0):
 garbage-first heap   total 382976K, used 359570K [0x0000000080000000, 0x0000000100000000)
  region size 1024K, 3 young (3072K), 3 survivors (3072K)
 Metaspace       used 132733K, capacity 139431K, committed 139696K, reserved 636928K
  class space    used 17278K, capacity 19800K, committed 19880K, reserved 516096K
}
Event: 49.717 GC heap before
{Heap before GC invocations=68 (full 0):
 garbage-first heap   total 382976K, used 373906K [0x0000000080000000, 0x0000000100000000)
  region size 1024K, 18 young (18432K), 3 survivors (3072K)
 Metaspace       used 133113K, capacity 139861K, committed 139952K, reserved 636928K
  class space    used 17324K, capacity 19855K, committed 19880K, reserved 516096K
}
Event: 49.720 GC heap after
{Heap after GC invocations=69 (full 0):
 garbage-first heap   total 382976K, used 362273K [0x0000000080000000, 0x0000000100000000)
  region size 1024K, 3 young (3072K), 3 survivors (3072K)
 Metaspace       used 133113K, capacity 139861K, committed 139952K, reserved 636928K
  class space    used 17324K, capacity 19855K, committed 19880K, reserved 516096K
}
Event: 49.851 GC heap before
{Heap before GC invocations=69 (full 0):
 garbage-first heap   total 382976K, used 376609K [0x0000000080000000, 0x0000000100000000)
  region size 1024K, 18 young (18432K), 3 survivors (3072K)
 Metaspace       used 134353K, capacity 141144K, committed 141488K, reserved 638976K
  class space    used 17493K, capacity 20027K, committed 20136K, reserved 516096K
}
Event: 49.855 GC heap after
{Heap after GC invocations=70 (full 0):
 garbage-first heap   total 384000K, used 364751K [0x0000000080000000, 0x0000000100000000)
  region size 1024K, 3 young (3072K), 3 survivors (3072K)
 Metaspace       used 134353K, capacity 141144K, committed 141488K, reserved 638976K
  class space    used 17493K, capacity 20027K, committed 20136K, reserved 516096K
}
Event: 49.935 GC heap before
{Heap before GC invocations=70 (full 0):
 garbage-first heap   total 388096K, used 386255K [0x0000000080000000, 0x0000000100000000)
  region size 1024K, 16 young (16384K), 3 survivors (3072K)
 Metaspace       used 135369K, capacity 142312K, committed 142384K, reserved 638976K
  class space    used 17647K, capacity 20210K, committed 20264K, reserved 516096K
}
Event: 49.945 GC heap after
{Heap after GC invocations=71 (full 0):
 garbage-first heap   total 470016K, used 371329K [0x0000000080000000, 0x0000000100000000)
  region size 1024K, 3 young (3072K), 3 survivors (3072K)
 Metaspace       used 135369K, capacity 142312K, committed 142384K, reserved 638976K
  class space    used 17647K, capacity 20210K, committed 20264K, reserved 516096K
}
Event: 50.106 GC heap before
{Heap before GC invocations=71 (full 0):
 garbage-first heap   total 470016K, used 430721K [0x0000000080000000, 0x0000000100000000)
  region size 1024K, 32 young (32768K), 3 survivors (3072K)
 Metaspace       used 135611K, capacity 142415K, committed 143024K, reserved 638976K
  class space    used 17651K, capacity 20160K, committed 20392K, reserved 516096K
}
Event: 50.112 GC heap after
{Heap after GC invocations=72 (full 0):
 garbage-first heap   total 470016K, used 391754K [0x0000000080000000, 0x0000000100000000)
  region size 1024K, 4 young (4096K), 4 survivors (4096K)
 Metaspace       used 135611K, capacity 142415K, committed 143024K, reserved 638976K
  class space    used 17651K, capacity 20160K, committed 20392K, reserved 516096K
}
Event: 50.224 GC heap before
{Heap before GC invocations=72 (full 0):
 garbage-first heap   total 470016K, used 410186K [0x0000000080000000, 0x0000000100000000)
  region size 1024K, 22 young (22528K), 4 survivors (4096K)
 Metaspace       used 136253K, capacity 143033K, committed 143536K, reserved 641024K
  class space    used 17722K, capacity 20238K, committed 20392K, reserved 516096K
}
Event: 50.233 GC heap after
{Heap after GC invocations=73 (full 0):
 garbage-first heap   total 470016K, used 398506K [0x0000000080000000, 0x0000000100000000)
  region size 1024K, 3 young (3072K), 3 survivors (3072K)
 Metaspace       used 136253K, capacity 143033K, committed 143536K, reserved 641024K
  class space    used 17722K, capacity 20238K, committed 20392K, reserved 516096K
}
Event: 50.317 GC heap before
{Heap before GC invocations=74 (full 0):
 garbage-first heap   total 470016K, used 416938K [0x0000000080000000, 0x0000000100000000)
  region size 1024K, 22 young (22528K), 3 survivors (3072K)
 Metaspace       used 136891K, capacity 143737K, committed 144176K, reserved 641024K
  class space    used 17821K, capacity 20366K, committed 20520K, reserved 516096K
}
Event: 50.327 GC heap after
{Heap after GC invocations=75 (full 0):
 garbage-first heap   total 470016K, used 405103K [0x0000000080000000, 0x0000000100000000)
  region size 1024K, 3 young (3072K), 3 survivors (3072K)
 Metaspace       used 136891K, capacity 143737K, committed 144176K, reserved 641024K
  class space    used 17821K, capacity 20366K, committed 20520K, reserved 516096K
}
Event: 50.390 GC heap before
{Heap before GC invocations=75 (full 0):
 garbage-first heap   total 470016K, used 426607K [0x0000000080000000, 0x0000000100000000)
  region size 1024K, 22 young (22528K), 3 survivors (3072K)
 Metaspace       used 137419K, capacity 144331K, committed 144688K, reserved 641024K
  class space    used 17903K, capacity 20480K, committed 20520K, reserved 516096K
}

