# JRE version: OpenJDK Runtime Environment Microsoft-7208460 (11.0.18+10) (build 11.0.18+10-LTS)
# Java VM: OpenJDK 64-Bit Server VM Microsoft-7208460 (11.0.18+10-LTS, mixed mode, tiered, compressed oops, g1 gc, windows-amd64)
Heap:
 garbage-first heap   total 262144K, used 81114K [0x0000000701a00000, 0x0000000800000000)
  region size 1024K, 60 young (61440K), 3 survivors (3072K)
 Metaspace       used 47516K, capacity 48058K, committed 48284K, reserved 1091584K
  class space    used 5591K, capacity 5814K, committed 5832K, reserved 1048576K
GC Heap History (8 events):
Event: 0.782 GC heap before
{Heap before GC invocations=0 (full 0):
 garbage-first heap   total 262144K, used 27648K [0x0000000701a00000, 0x0000000800000000)
  region size 1024K, 24 young (24576K), 0 survivors (0K)
 Metaspace       used 12175K, capacity 12286K, committed 12416K, reserved 1060864K
  class space    used 1088K, capacity 1113K, committed 1152K, reserved 1048576K
}
Event: 0.786 GC heap after
{Heap after GC invocations=1 (full 0):
 garbage-first heap   total 262144K, used 6452K [0x0000000701a00000, 0x0000000800000000)
  region size 1024K, 3 young (3072K), 3 survivors (3072K)
 Metaspace       used 12175K, capacity 12286K, committed 12416K, reserved 1060864K
  class space    used 1088K, capacity 1113K, committed 1152K, reserved 1048576K
}
Event: 1.419 GC heap before
{Heap before GC invocations=1 (full 0):
 garbage-first heap   total 262144K, used 44340K [0x0000000701a00000, 0x0000000800000000)
  region size 1024K, 41 young (41984K), 3 survivors (3072K)
 Metaspace       used 21009K, capacity 21202K, committed 21296K, reserved 1069056K
  class space    used 2218K, capacity 2309K, committed 2352K, reserved 1048576K
}
Event: 1.430 GC heap after
{Heap after GC invocations=2 (full 0):
 garbage-first heap   total 262144K, used 9956K [0x0000000701a00000, 0x0000000800000000)
  region size 1024K, 7 young (7168K), 7 survivors (7168K)
 Metaspace       used 21009K, capacity 21202K, committed 21296K, reserved 1069056K
  class space    used 2218K, capacity 2309K, committed 2352K, reserved 1048576K
}
Event: 2.492 GC heap before
{Heap before GC invocations=3 (full 0):
 garbage-first heap   total 262144K, used 65252K [0x0000000701a00000, 0x0000000800000000)
  region size 1024K, 56 young (57344K), 7 survivors (7168K)
 Metaspace       used 32805K, capacity 33255K, committed 33532K, reserved 1079296K
  class space    used 4080K, capacity 4274K, committed 4348K, reserved 1048576K
}
Event: 2.501 GC heap after
{Heap after GC invocations=4 (full 0):
 garbage-first heap   total 262144K, used 21004K [0x0000000701a00000, 0x0000000800000000)
  region size 1024K, 7 young (7168K), 7 survivors (7168K)
 Metaspace       used 32805K, capacity 33255K, committed 33532K, reserved 1079296K
  class space    used 4080K, capacity 4274K, committed 4348K, reserved 1048576K
}
Event: 2.768 GC heap before
{Heap before GC invocations=4 (full 0):
 garbage-first heap   total 262144K, used 34316K [0x0000000701a00000, 0x0000000800000000)
  region size 1024K, 21 young (21504K), 7 survivors (7168K)
 Metaspace       used 35556K, capacity 35986K, committed 36048K, reserved 1081344K
  class space    used 4378K, capacity 4566K, committed 4604K, reserved 1048576K
}
Event: 2.775 GC heap after
{Heap after GC invocations=5 (full 0):
 garbage-first heap   total 262144K, used 21722K [0x0000000701a00000, 0x0000000800000000)
  region size 1024K, 3 young (3072K), 3 survivors (3072K)
 Metaspace       used 35556K, capacity 35986K, committed 36048K, reserved 1081344K
  class space    used 4378K, capacity 4566K, committed 4604K, reserved 1048576K
}

