# JRE version: OpenJDK Runtime Environment Microsoft-7208460 (11.0.18+10) (build 11.0.18+10-LTS)
# Java VM: OpenJDK 64-Bit Server VM Microsoft-7208460 (11.0.18+10-LTS, mixed mode, tiered, compressed oops, g1 gc, windows-amd64)
Heap:
 garbage-first heap   total 448512K, used 313210K [0x0000000080000000, 0x0000000100000000)
  region size 1024K, 36 young (36864K), 8 survivors (8192K)
 Metaspace       used 130844K, capacity 137688K, committed 137992K, reserved 634880K
  class space    used 16945K, capacity 19400K, committed 19456K, reserved 516096K
GC Heap History (20 events):
Event: 101.519 GC heap before
{Heap before GC invocations=61 (full 0):
 garbage-first heap   total 315392K, used 276690K [0x0000000080000000, 0x0000000100000000)
  region size 1024K, 21 young (21504K), 3 survivors (3072K)
 Metaspace       used 123832K, capacity 129930K, committed 130184K, reserved 628736K
  class space    used 16106K, capacity 18411K, committed 18560K, reserved 516096K
}
Event: 101.524 GC heap after
{Heap after GC invocations=62 (full 0):
 garbage-first heap   total 315392K, used 260266K [0x0000000080000000, 0x0000000100000000)
  region size 1024K, 3 young (3072K), 3 survivors (3072K)
 Metaspace       used 123832K, capacity 129930K, committed 130184K, reserved 628736K
  class space    used 16106K, capacity 18411K, committed 18560K, reserved 516096K
}
Event: 101.712 GC heap before
{Heap before GC invocations=62 (full 0):
 garbage-first heap   total 315392K, used 276650K [0x0000000080000000, 0x0000000100000000)
  region size 1024K, 20 young (20480K), 3 survivors (3072K)
 Metaspace       used 124282K, capacity 130480K, committed 130696K, reserved 628736K
  class space    used 16164K, capacity 18485K, committed 18560K, reserved 516096K
}
Event: 101.716 GC heap after
{Heap after GC invocations=63 (full 0):
 garbage-first heap   total 315392K, used 262940K [0x0000000080000000, 0x0000000100000000)
  region size 1024K, 3 young (3072K), 3 survivors (3072K)
 Metaspace       used 124282K, capacity 130480K, committed 130696K, reserved 628736K
  class space    used 16164K, capacity 18485K, committed 18560K, reserved 516096K
}
Event: 101.850 GC heap before
{Heap before GC invocations=63 (full 0):
 garbage-first heap   total 315392K, used 277276K [0x0000000080000000, 0x0000000100000000)
  region size 1024K, 17 young (17408K), 3 survivors (3072K)
 Metaspace       used 124654K, capacity 130792K, committed 131080K, reserved 628736K
  class space    used 16193K, capacity 18524K, committed 18688K, reserved 516096K
}
Event: 101.854 GC heap after
{Heap after GC invocations=64 (full 0):
 garbage-first heap   total 315392K, used 265524K [0x0000000080000000, 0x0000000100000000)
  region size 1024K, 3 young (3072K), 3 survivors (3072K)
 Metaspace       used 124654K, capacity 130792K, committed 131080K, reserved 628736K
  class space    used 16193K, capacity 18524K, committed 18688K, reserved 516096K
}
Event: 101.957 GC heap before
{Heap before GC invocations=64 (full 0):
 garbage-first heap   total 315392K, used 277812K [0x0000000080000000, 0x0000000100000000)
  region size 1024K, 15 young (15360K), 3 survivors (3072K)
 Metaspace       used 125019K, capacity 131150K, committed 131336K, reserved 630784K
  class space    used 16241K, capacity 18557K, committed 18688K, reserved 516096K
}
Event: 101.961 GC heap after
{Heap after GC invocations=65 (full 0):
 garbage-first heap   total 315392K, used 267499K [0x0000000080000000, 0x0000000100000000)
  region size 1024K, 2 young (2048K), 2 survivors (2048K)
 Metaspace       used 125019K, capacity 131150K, committed 131336K, reserved 630784K
  class space    used 16241K, capacity 18557K, committed 18688K, reserved 516096K
}
Event: 102.076 GC heap before
{Heap before GC invocations=65 (full 0):
 garbage-first heap   total 315392K, used 280811K [0x0000000080000000, 0x0000000100000000)
  region size 1024K, 15 young (15360K), 2 survivors (2048K)
 Metaspace       used 125430K, capacity 131580K, committed 131848K, reserved 630784K
  class space    used 16300K, capacity 18634K, committed 18688K, reserved 516096K
}
Event: 102.080 GC heap after
{Heap after GC invocations=66 (full 0):
 garbage-first heap   total 378880K, used 268833K [0x0000000080000000, 0x0000000100000000)
  region size 1024K, 2 young (2048K), 2 survivors (2048K)
 Metaspace       used 125430K, capacity 131580K, committed 131848K, reserved 630784K
  class space    used 16300K, capacity 18634K, committed 18688K, reserved 516096K
}
Event: 102.363 GC heap before
{Heap before GC invocations=66 (full 0):
 garbage-first heap   total 378880K, used 304673K [0x0000000080000000, 0x0000000100000000)
  region size 1024K, 38 young (38912K), 2 survivors (2048K)
 Metaspace       used 125802K, capacity 132042K, committed 132232K, reserved 630784K
  class space    used 16350K, capacity 18711K, committed 18816K, reserved 516096K
}
Event: 102.370 GC heap after
{Heap after GC invocations=67 (full 0):
 garbage-first heap   total 378880K, used 273251K [0x0000000080000000, 0x0000000100000000)
  region size 1024K, 5 young (5120K), 5 survivors (5120K)
 Metaspace       used 125802K, capacity 132042K, committed 132232K, reserved 630784K
  class space    used 16350K, capacity 18711K, committed 18816K, reserved 516096K
}
Event: 102.503 GC heap before
{Heap before GC invocations=67 (full 0):
 garbage-first heap   total 378880K, used 310115K [0x0000000080000000, 0x0000000100000000)
  region size 1024K, 42 young (43008K), 5 survivors (5120K)
 Metaspace       used 125804K, capacity 132042K, committed 132232K, reserved 630784K
  class space    used 16350K, capacity 18711K, committed 18816K, reserved 516096K
}
Event: 102.509 GC heap after
{Heap after GC invocations=68 (full 0):
 garbage-first heap   total 378880K, used 276579K [0x0000000080000000, 0x0000000100000000)
  region size 1024K, 4 young (4096K), 4 survivors (4096K)
 Metaspace       used 125804K, capacity 132042K, committed 132232K, reserved 630784K
  class space    used 16350K, capacity 18711K, committed 18816K, reserved 516096K
}
Event: 102.659 GC heap before
{Heap before GC invocations=68 (full 0):
 garbage-first heap   total 378880K, used 313443K [0x0000000080000000, 0x0000000100000000)
  region size 1024K, 41 young (41984K), 4 survivors (4096K)
 Metaspace       used 125841K, capacity 132110K, committed 132232K, reserved 630784K
  class space    used 16351K, capacity 18711K, committed 18816K, reserved 516096K
}
Event: 102.663 GC heap after
{Heap after GC invocations=69 (full 0):
 garbage-first heap   total 378880K, used 278690K [0x0000000080000000, 0x0000000100000000)
  region size 1024K, 6 young (6144K), 6 survivors (6144K)
 Metaspace       used 125841K, capacity 132110K, committed 132232K, reserved 630784K
  class space    used 16351K, capacity 18711K, committed 18816K, reserved 516096K
}
Event: 102.872 GC heap before
{Heap before GC invocations=69 (full 0):
 garbage-first heap   total 378880K, used 316578K [0x0000000080000000, 0x0000000100000000)
  region size 1024K, 44 young (45056K), 6 survivors (6144K)
 Metaspace       used 126017K, capacity 132355K, committed 132488K, reserved 630784K
  class space    used 16366K, capacity 18747K, committed 18816K, reserved 516096K
}
Event: 102.879 GC heap after
{Heap after GC invocations=70 (full 0):
 garbage-first heap   total 448512K, used 281145K [0x0000000080000000, 0x0000000100000000)
  region size 1024K, 6 young (6144K), 6 survivors (6144K)
 Metaspace       used 126017K, capacity 132355K, committed 132488K, reserved 630784K
  class space    used 16366K, capacity 18747K, committed 18816K, reserved 516096K
}
Event: 554.479 GC heap before
{Heap before GC invocations=70 (full 0):
 garbage-first heap   total 448512K, used 350777K [0x0000000080000000, 0x0000000100000000)
  region size 1024K, 75 young (76800K), 6 survivors (6144K)
 Metaspace       used 128613K, capacity 135233K, committed 135304K, reserved 632832K
  class space    used 16599K, capacity 19014K, committed 19072K, reserved 516096K
}
Event: 554.487 GC heap after
{Heap after GC invocations=71 (full 0):
 garbage-first heap   total 448512K, used 285562K [0x0000000080000000, 0x0000000100000000)
  region size 1024K, 8 young (8192K), 8 survivors (8192K)
 Metaspace       used 128613K, capacity 135233K, committed 135304K, reserved 632832K
  class space    used 16599K, capacity 19014K, committed 19072K, reserved 516096K
}

