# JRE version: OpenJDK Runtime Environment Microsoft-7208460 (11.0.18+10) (build 11.0.18+10-LTS)
# Java VM: OpenJDK 64-Bit Server VM Microsoft-7208460 (11.0.18+10-LTS, mixed mode, tiered, compressed oops, g1 gc, windows-amd64)
Heap:
 garbage-first heap   total 262144K, used 144996K [0x0000000701a00000, 0x0000000800000000)
  region size 1024K, 99 young (101376K), 16 survivors (16384K)
 Metaspace       used 65554K, capacity 66347K, committed 66524K, reserved 1107968K
  class space    used 7325K, capacity 7667K, committed 7804K, reserved 1048576K
GC Heap History (14 events):
Event: 1.049 GC heap before
{Heap before GC invocations=0 (full 0):
 garbage-first heap   total 262144K, used 27648K [0x0000000701a00000, 0x0000000800000000)
  region size 1024K, 24 young (24576K), 0 survivors (0K)
 Metaspace       used 12384K, capacity 12504K, committed 12800K, reserved 1060864K
  class space    used 1150K, capacity 1207K, committed 1280K, reserved 1048576K
}
Event: 1.054 GC heap after
{Heap after GC invocations=1 (full 0):
 garbage-first heap   total 262144K, used 6168K [0x0000000701a00000, 0x0000000800000000)
  region size 1024K, 3 young (3072K), 3 survivors (3072K)
 Metaspace       used 12384K, capacity 12504K, committed 12800K, reserved 1060864K
  class space    used 1150K, capacity 1207K, committed 1280K, reserved 1048576K
}
Event: 2.544 GC heap before
{Heap before GC invocations=1 (full 0):
 garbage-first heap   total 262144K, used 42008K [0x0000000701a00000, 0x0000000800000000)
  region size 1024K, 39 young (39936K), 3 survivors (3072K)
 Metaspace       used 20973K, capacity 21182K, committed 21248K, reserved 1069056K
  class space    used 2198K, capacity 2280K, committed 2304K, reserved 1048576K
}
Event: 2.558 GC heap after
{Heap after GC invocations=2 (full 0):
 garbage-first heap   total 262144K, used 9240K [0x0000000701a00000, 0x0000000800000000)
  region size 1024K, 6 young (6144K), 6 survivors (6144K)
 Metaspace       used 20973K, capacity 21182K, committed 21248K, reserved 1069056K
  class space    used 2198K, capacity 2280K, committed 2304K, reserved 1048576K
}
Event: 5.197 GC heap before
{Heap before GC invocations=3 (full 0):
 garbage-first heap   total 262144K, used 66584K [0x0000000701a00000, 0x0000000800000000)
  region size 1024K, 57 young (58368K), 6 survivors (6144K)
 Metaspace       used 33093K, capacity 33503K, committed 33788K, reserved 1079296K
  class space    used 4073K, capacity 4246K, committed 4348K, reserved 1048576K
}
Event: 5.209 GC heap after
{Heap after GC invocations=4 (full 0):
 garbage-first heap   total 262144K, used 20700K [0x0000000701a00000, 0x0000000800000000)
  region size 1024K, 8 young (8192K), 8 survivors (8192K)
 Metaspace       used 33093K, capacity 33503K, committed 33788K, reserved 1079296K
  class space    used 4073K, capacity 4246K, committed 4348K, reserved 1048576K
}
Event: 5.519 GC heap before
{Heap before GC invocations=4 (full 0):
 garbage-first heap   total 262144K, used 31964K [0x0000000701a00000, 0x0000000800000000)
  region size 1024K, 20 young (20480K), 8 survivors (8192K)
 Metaspace       used 35461K, capacity 35883K, committed 36048K, reserved 1081344K
  class space    used 4322K, capacity 4506K, committed 4604K, reserved 1048576K
}
Event: 5.527 GC heap after
{Heap after GC invocations=5 (full 0):
 garbage-first heap   total 262144K, used 20945K [0x0000000701a00000, 0x0000000800000000)
  region size 1024K, 3 young (3072K), 3 survivors (3072K)
 Metaspace       used 35461K, capacity 35883K, committed 36048K, reserved 1081344K
  class space    used 4322K, capacity 4506K, committed 4604K, reserved 1048576K
}
Event: 7.611 GC heap before
{Heap before GC invocations=6 (full 0):
 garbage-first heap   total 262144K, used 85457K [0x0000000701a00000, 0x0000000800000000)
  region size 1024K, 64 young (65536K), 3 survivors (3072K)
 Metaspace       used 47387K, capacity 47918K, committed 48208K, reserved 1091584K
  class space    used 5517K, capacity 5717K, committed 5756K, reserved 1048576K
}
Event: 7.619 GC heap after
{Heap after GC invocations=7 (full 0):
 garbage-first heap   total 262144K, used 30116K [0x0000000701a00000, 0x0000000800000000)
  region size 1024K, 8 young (8192K), 8 survivors (8192K)
 Metaspace       used 47387K, capacity 47918K, committed 48208K, reserved 1091584K
  class space    used 5517K, capacity 5717K, committed 5756K, reserved 1048576K
}
Event: 11.870 GC heap before
{Heap before GC invocations=7 (full 0):
 garbage-first heap   total 262144K, used 131492K [0x0000000701a00000, 0x0000000800000000)
  region size 1024K, 107 young (109568K), 8 survivors (8192K)
 Metaspace       used 59672K, capacity 60456K, committed 60508K, reserved 1103872K
  class space    used 6807K, capacity 7135K, committed 7164K, reserved 1048576K
}
Event: 11.935 GC heap after
{Heap after GC invocations=8 (full 0):
 garbage-first heap   total 262144K, used 43314K [0x0000000701a00000, 0x0000000800000000)
  region size 1024K, 18 young (18432K), 18 survivors (18432K)
 Metaspace       used 59672K, capacity 60456K, committed 60508K, reserved 1103872K
  class space    used 6807K, capacity 7135K, committed 7164K, reserved 1048576K
}
Event: 15.304 GC heap before
{Heap before GC invocations=9 (full 0):
 garbage-first heap   total 262144K, used 151858K [0x0000000701a00000, 0x0000000800000000)
  region size 1024K, 124 young (126976K), 18 survivors (18432K)
 Metaspace       used 61597K, capacity 62404K, committed 62556K, reserved 1103872K
  class space    used 6984K, capacity 7336K, committed 7420K, reserved 1048576K
}
Event: 15.338 GC heap after
{Heap after GC invocations=10 (full 0):
 garbage-first heap   total 262144K, used 61028K [0x0000000701a00000, 0x0000000800000000)
  region size 1024K, 16 young (16384K), 16 survivors (16384K)
 Metaspace       used 61597K, capacity 62404K, committed 62556K, reserved 1103872K
  class space    used 6984K, capacity 7336K, committed 7420K, reserved 1048576K
}

